-----------2012-11-09 11:55:24-----------
 queryString : SELECT SQL_CALC_FOUND_ROWS * FROM consumi6 WHERE  0 = 0  ORDER BY pod ASC LIMIT 0,100
 total : Array
 start : 0
 limit : 100
 count : Resource id #6
 sortProperty : pod
 sortDirection : ASC
 where :  0 = 0 
 qs : 

-----------2012-11-09 11:55:25-----------
 queryString : SELECT SQL_CALC_FOUND_ROWS * FROM consumi6 WHERE  0 = 0  ORDER BY pod ASC LIMIT 200,100
 total : Array
 start : 200
 limit : 100
 count : Resource id #6
 sortProperty : pod
 sortDirection : ASC
 where :  0 = 0 
 qs : 

-----------2012-11-09 11:55:25-----------
 queryString : SELECT SQL_CALC_FOUND_ROWS * FROM consumi6 WHERE  0 = 0  ORDER BY pod ASC LIMIT 100,100
 total : Array
 start : 100
 limit : 100
 count : Resource id #6
 sortProperty : pod
 sortDirection : ASC
 where :  0 = 0 
 qs : 

-----------2012-11-09 11:56:47-----------
 queryString : SELECT SQL_CALC_FOUND_ROWS * FROM consumi6 WHERE  0 = 0  AND mese_consumi = 3 ORDER BY pod ASC LIMIT 0,100
 total : Array
 start : 0
 limit : 100
 count : Resource id #6
 sortProperty : pod
 sortDirection : ASC
 where :  0 = 0  AND mese_consumi = 3
 qs :  AND mese_consumi = 3

-----------2012-11-09 11:56:48-----------
 queryString : SELECT SQL_CALC_FOUND_ROWS * FROM consumi6 WHERE  0 = 0  AND mese_consumi = 3 ORDER BY pod ASC LIMIT 0,100
 total : Array
 start : 0
 limit : 100
 count : Resource id #6
 sortProperty : pod
 sortDirection : ASC
 where :  0 = 0  AND mese_consumi = 3
 qs :  AND mese_consumi = 3

-----------2012-11-09 11:56:48-----------
 queryString : SELECT SQL_CALC_FOUND_ROWS * FROM consumi6 WHERE  0 = 0  AND mese_consumi = 3 ORDER BY pod ASC LIMIT 0,100
 total : Array
 start : 0
 limit : 100
 count : Resource id #6
 sortProperty : pod
 sortDirection : ASC
 where :  0 = 0  AND mese_consumi = 3
 qs :  AND mese_consumi = 3

-----------2012-11-09 11:56:55-----------
 queryString : SELECT SQL_CALC_FOUND_ROWS * FROM consumi6 WHERE  0 = 0  AND mese_riferimento = 1 AND mese_consumi = 3 ORDER BY pod ASC LIMIT 0,100
 total : Array
 start : 0
 limit : 100
 count : Resource id #6
 sortProperty : pod
 sortDirection : ASC
 where :  0 = 0  AND mese_riferimento = 1 AND mese_consumi = 3
 qs :  AND mese_riferimento = 1 AND mese_consumi = 3

-----------2012-11-09 11:57:16-----------
 queryString : SELECT SQL_CALC_FOUND_ROWS * FROM consumi6 WHERE  0 = 0  AND mese_riferimento = 1 AND mese_consumi = 3 ORDER BY pod DESC LIMIT 0,100
 total : Array
 start : 0
 limit : 100
 count : Resource id #6
 sortProperty : pod
 sortDirection : DESC
 where :  0 = 0  AND mese_riferimento = 1 AND mese_consumi = 3
 qs :  AND mese_riferimento = 1 AND mese_consumi = 3

-----------2012-11-09 11:57:44-----------
 queryString : SELECT SQL_CALC_FOUND_ROWS * FROM consumi6 WHERE  0 = 0  AND mese_consumi = 3 ORDER BY pod DESC LIMIT 0,100
 total : Array
 start : 0
 limit : 100
 count : Resource id #6
 sortProperty : pod
 sortDirection : DESC
 where :  0 = 0  AND mese_consumi = 3
 qs :  AND mese_consumi = 3

-----------2012-11-09 11:57:45-----------
 queryString : SELECT SQL_CALC_FOUND_ROWS * FROM consumi6 WHERE  0 = 0  ORDER BY pod DESC LIMIT 100,100
 total : Array
 start : 100
 limit : 100
 count : Resource id #6
 sortProperty : pod
 sortDirection : DESC
 where :  0 = 0 
 qs : 

-----------2012-11-09 11:57:45-----------
 queryString : SELECT SQL_CALC_FOUND_ROWS * FROM consumi6 WHERE  0 = 0  ORDER BY pod DESC LIMIT 200,100
 total : Array
 start : 200
 limit : 100
 count : Resource id #6
 sortProperty : pod
 sortDirection : DESC
 where :  0 = 0 
 qs : 

-----------2012-11-09 11:57:47-----------
 queryString : SELECT SQL_CALC_FOUND_ROWS * FROM consumi6 WHERE  0 = 0  AND mese_riferimento < 5 AND mese_consumi = 3 ORDER BY pod DESC LIMIT 0,100
 total : Array
 start : 0
 limit : 100
 count : Resource id #6
 sortProperty : pod
 sortDirection : DESC
 where :  0 = 0  AND mese_riferimento < 5 AND mese_consumi = 3
 qs :  AND mese_riferimento < 5 AND mese_consumi = 3

-----------2012-11-09 11:57:48-----------
 queryString : SELECT SQL_CALC_FOUND_ROWS * FROM consumi6 WHERE  0 = 0  AND mese_riferimento < 5 AND mese_consumi = 3 ORDER BY pod DESC LIMIT 0,100
 total : Array
 start : 0
 limit : 100
 count : Resource id #6
 sortProperty : pod
 sortDirection : DESC
 where :  0 = 0  AND mese_riferimento < 5 AND mese_consumi = 3
 qs :  AND mese_riferimento < 5 AND mese_consumi = 3

-----------2012-11-09 11:57:49-----------
 queryString : SELECT SQL_CALC_FOUND_ROWS * FROM consumi6 WHERE  0 = 0  AND mese_riferimento < 5 AND mese_consumi = 3 ORDER BY pod DESC LIMIT 0,100
 total : Array
 start : 0
 limit : 100
 count : Resource id #6
 sortProperty : pod
 sortDirection : DESC
 where :  0 = 0  AND mese_riferimento < 5 AND mese_consumi = 3
 qs :  AND mese_riferimento < 5 AND mese_consumi = 3

-----------2012-11-09 12:05:09-----------
 queryString : SELECT SQL_CALC_FOUND_ROWS * FROM consumi6 WHERE  0 = 0  AND fornitore LIKE '%Edison%' AND mese_riferimento < 5 AND mese_consumi = 3 ORDER BY pod DESC LIMIT 0,100
 total : Array
 start : 0
 limit : 100
 count : Resource id #6
 sortProperty : pod
 sortDirection : DESC
 where :  0 = 0  AND fornitore LIKE '%Edison%' AND mese_riferimento < 5 AND mese_consumi = 3
 qs :  AND fornitore LIKE '%Edison%' AND mese_riferimento < 5 AND mese_consumi = 3

-----------2012-11-09 12:05:11-----------
 queryString : SELECT SQL_CALC_FOUND_ROWS * FROM consumi6 WHERE  0 = 0  AND fornitore LIKE '%Edison%' AND mese_riferimento < 5 AND mese_consumi = 3 ORDER BY pod DESC LIMIT 0,100
 total : Array
 start : 0
 limit : 100
 count : Resource id #6
 sortProperty : pod
 sortDirection : DESC
 where :  0 = 0  AND fornitore LIKE '%Edison%' AND mese_riferimento < 5 AND mese_consumi = 3
 qs :  AND fornitore LIKE '%Edison%' AND mese_riferimento < 5 AND mese_consumi = 3

-----------2012-11-09 12:05:11-----------
 queryString : SELECT SQL_CALC_FOUND_ROWS * FROM consumi6 WHERE  0 = 0  AND fornitore LIKE '%Edison%' AND mese_riferimento < 5 AND mese_consumi = 3 ORDER BY pod DESC LIMIT 0,100
 total : Array
 start : 0
 limit : 100
 count : Resource id #6
 sortProperty : pod
 sortDirection : DESC
 where :  0 = 0  AND fornitore LIKE '%Edison%' AND mese_riferimento < 5 AND mese_consumi = 3
 qs :  AND fornitore LIKE '%Edison%' AND mese_riferimento < 5 AND mese_consumi = 3

-----------2012-11-09 12:06:21-----------
 queryString : SELECT SQL_CALC_FOUND_ROWS * FROM consumi6 WHERE  0 = 0  AND mese_riferimento < 5 AND mese_consumi = 3 ORDER BY pod DESC LIMIT 0,100
 total : Array
 count : Resource id #6
 total : 513
 start : 0
 limit : 100
 sortProperty : pod
 sortDirection : DESC
 where :  0 = 0  AND mese_riferimento < 5 AND mese_consumi = 3
 qs :  AND mese_riferimento < 5 AND mese_consumi = 3

-----------2012-11-09 12:06:22-----------
 queryString : SELECT SQL_CALC_FOUND_ROWS * FROM consumi6 WHERE  0 = 0  AND mese_riferimento < 5 AND mese_consumi = 3 ORDER BY pod DESC LIMIT 0,100
 total : Array
 count : Resource id #6
 total : 513
 start : 0
 limit : 100
 sortProperty : pod
 sortDirection : DESC
 where :  0 = 0  AND mese_riferimento < 5 AND mese_consumi = 3
 qs :  AND mese_riferimento < 5 AND mese_consumi = 3

-----------2012-11-09 12:06:22-----------
 queryString : SELECT SQL_CALC_FOUND_ROWS * FROM consumi6 WHERE  0 = 0  AND mese_riferimento < 5 AND mese_consumi = 3 ORDER BY pod DESC LIMIT 0,100
 total : Array
 count : Resource id #6
 total : 513
 start : 0
 limit : 100
 sortProperty : pod
 sortDirection : DESC
 where :  0 = 0  AND mese_riferimento < 5 AND mese_consumi = 3
 qs :  AND mese_riferimento < 5 AND mese_consumi = 3

-----------2012-11-09 12:09:30-----------
 queryString : SELECT SQL_CALC_FOUND_ROWS * FROM consumi6 WHERE  0 = 0  ORDER BY pod ASC LIMIT 0,100
 total : Array
 count : Resource id #6
 total : 17403
 start : 0
 limit : 100
 sortProperty : pod
 sortDirection : ASC
 where :  0 = 0 
 qs : 

-----------2012-11-09 12:09:32-----------
 queryString : SELECT SQL_CALC_FOUND_ROWS * FROM consumi6 WHERE  0 = 0  ORDER BY pod ASC LIMIT 200,100
 total : Array
 count : Resource id #6
 total : 17403
 start : 200
 limit : 100
 sortProperty : pod
 sortDirection : ASC
 where :  0 = 0 
 qs : 

-----------2012-11-09 12:09:32-----------
 queryString : SELECT SQL_CALC_FOUND_ROWS * FROM consumi6 WHERE  0 = 0  ORDER BY pod ASC LIMIT 100,100
 total : Array
 count : Resource id #6
 total : 17403
 start : 100
 limit : 100
 sortProperty : pod
 sortDirection : ASC
 where :  0 = 0 
 qs : 

-----------2012-11-09 12:09:39-----------
 queryString : SELECT SQL_CALC_FOUND_ROWS * FROM consumi6 WHERE  0 = 0  ORDER BY pod ASC LIMIT 13100,100
 total : Array
 count : Resource id #6
 total : 17403
 start : 13100
 limit : 100
 sortProperty : pod
 sortDirection : ASC
 where :  0 = 0 
 qs : 

-----------2012-11-09 12:09:39-----------
 queryString : SELECT SQL_CALC_FOUND_ROWS * FROM consumi6 WHERE  0 = 0  ORDER BY pod ASC LIMIT 13300,100
 total : Array
 count : Resource id #6
 total : 17403
 start : 13300
 limit : 100
 sortProperty : pod
 sortDirection : ASC
 where :  0 = 0 
 qs : 

-----------2012-11-09 12:09:39-----------
 queryString : SELECT SQL_CALC_FOUND_ROWS * FROM consumi6 WHERE  0 = 0  ORDER BY pod ASC LIMIT 13200,100
 total : Array
 count : Resource id #6
 total : 17403
 start : 13200
 limit : 100
 sortProperty : pod
 sortDirection : ASC
 where :  0 = 0 
 qs : 

-----------2012-11-09 12:09:40-----------
 queryString : SELECT SQL_CALC_FOUND_ROWS * FROM consumi6 WHERE  0 = 0  ORDER BY pod ASC LIMIT 13400,100
 total : Array
 count : Resource id #6
 total : 17403
 start : 13400
 limit : 100
 sortProperty : pod
 sortDirection : ASC
 where :  0 = 0 
 qs : 

-----------2012-11-09 12:09:51-----------
 queryString : SELECT SQL_CALC_FOUND_ROWS * FROM consumi6 WHERE  0 = 0  AND pod LIKE '%418833%' ORDER BY pod ASC LIMIT 0,100
 total : Array
 count : Resource id #6
 total : 206
 start : 0
 limit : 100
 sortProperty : pod
 sortDirection : ASC
 where :  0 = 0  AND pod LIKE '%418833%'
 qs :  AND pod LIKE '%418833%'

-----------2012-11-09 12:09:52-----------
 queryString : SELECT SQL_CALC_FOUND_ROWS * FROM consumi6 WHERE  0 = 0  AND pod LIKE '%418833%' ORDER BY pod ASC LIMIT 0,100
 total : Array
 count : Resource id #6
 total : 206
 start : 0
 limit : 100
 sortProperty : pod
 sortDirection : ASC
 where :  0 = 0  AND pod LIKE '%418833%'
 qs :  AND pod LIKE '%418833%'

-----------2012-11-09 12:09:52-----------
 queryString : SELECT SQL_CALC_FOUND_ROWS * FROM consumi6 WHERE  0 = 0  AND pod LIKE '%418833%' ORDER BY pod ASC LIMIT 0,100
 total : Array
 count : Resource id #6
 total : 206
 start : 0
 limit : 100
 sortProperty : pod
 sortDirection : ASC
 where :  0 = 0  AND pod LIKE '%418833%'
 qs :  AND pod LIKE '%418833%'

-----------2012-11-09 12:10:15-----------
 queryString : SELECT SQL_CALC_FOUND_ROWS * FROM consumi6 WHERE  0 = 0  AND pod LIKE '%41883%' ORDER BY pod ASC LIMIT 0,100
 total : Array
 count : Resource id #6
 total : 401
 start : 0
 limit : 100
 sortProperty : pod
 sortDirection : ASC
 where :  0 = 0  AND pod LIKE '%41883%'
 qs :  AND pod LIKE '%41883%'

-----------2012-11-09 12:10:16-----------
 queryString : SELECT SQL_CALC_FOUND_ROWS * FROM consumi6 WHERE  0 = 0  AND pod LIKE '%41883%' ORDER BY pod ASC LIMIT 0,100
 total : Array
 count : Resource id #6
 total : 401
 start : 0
 limit : 100
 sortProperty : pod
 sortDirection : ASC
 where :  0 = 0  AND pod LIKE '%41883%'
 qs :  AND pod LIKE '%41883%'

-----------2012-11-09 12:10:16-----------
 queryString : SELECT SQL_CALC_FOUND_ROWS * FROM consumi6 WHERE  0 = 0  AND pod LIKE '%41883%' ORDER BY pod ASC LIMIT 0,100
 total : Array
 count : Resource id #6
 total : 401
 start : 0
 limit : 100
 sortProperty : pod
 sortDirection : ASC
 where :  0 = 0  AND pod LIKE '%41883%'
 qs :  AND pod LIKE '%41883%'

-----------2012-11-09 12:10:33-----------
 queryString : SELECT SQL_CALC_FOUND_ROWS * FROM consumi6 WHERE  0 = 0  ORDER BY pod ASC LIMIT 400,100
 total : Array
 count : Resource id #6
 total : 17403
 start : 400
 limit : 100
 sortProperty : pod
 sortDirection : ASC
 where :  0 = 0 
 qs : 

-----------2012-11-09 12:10:33-----------
 queryString : SELECT SQL_CALC_FOUND_ROWS * FROM consumi6 WHERE  0 = 0  ORDER BY pod ASC LIMIT 300,100
 total : Array
 count : Resource id #6
 total : 17403
 start : 300
 limit : 100
 sortProperty : pod
 sortDirection : ASC
 where :  0 = 0 
 qs : 

-----------2012-11-09 12:10:44-----------
 queryString : SELECT SQL_CALC_FOUND_ROWS * FROM consumi6 WHERE  0 = 0  ORDER BY pod ASC LIMIT 500,100
 total : Array
 count : Resource id #6
 total : 17403
 start : 500
 limit : 100
 sortProperty : pod
 sortDirection : ASC
 where :  0 = 0 
 qs : 

-----------2012-11-09 12:19:24-----------
 queryString : SELECT SQL_CALC_FOUND_ROWS * FROM consumi6 WHERE  0 = 0  ORDER BY pod ASC LIMIT 0,100
 total : Array
 count : Resource id #6
 total : 17403
 start : 0
 limit : 100
 sortProperty : pod
 sortDirection : ASC
 where :  0 = 0 
 qs : 

-----------2012-11-09 12:19:27-----------
 queryString : SELECT SQL_CALC_FOUND_ROWS * FROM consumi6 WHERE  0 = 0  ORDER BY pod ASC LIMIT 200,100
 total : Array
 count : Resource id #6
 total : 17403
 start : 200
 limit : 100
 sortProperty : pod
 sortDirection : ASC
 where :  0 = 0 
 qs : 

-----------2012-11-09 12:19:27-----------
 queryString : SELECT SQL_CALC_FOUND_ROWS * FROM consumi6 WHERE  0 = 0  ORDER BY pod ASC LIMIT 100,100
 total : Array
 count : Resource id #6
 total : 17403
 start : 100
 limit : 100
 sortProperty : pod
 sortDirection : ASC
 where :  0 = 0 
 qs : 

-----------2012-11-09 12:19:34-----------
 queryString : SELECT SQL_CALC_FOUND_ROWS * FROM consumi6 WHERE  0 = 0  AND tipo_documento = 'D' ORDER BY pod ASC LIMIT 0,100
 total : Array
 count : Resource id #6
 total : 1350
 start : 0
 limit : 100
 sortProperty : pod
 sortDirection : ASC
 where :  0 = 0  AND tipo_documento = 'D'
 qs :  AND tipo_documento = 'D'

-----------2012-11-09 12:19:36-----------
 queryString : SELECT SQL_CALC_FOUND_ROWS * FROM consumi6 WHERE  0 = 0  AND tipo_documento = 'D' ORDER BY pod ASC LIMIT 0,100
 total : Array
 count : Resource id #6
 total : 1350
 start : 0
 limit : 100
 sortProperty : pod
 sortDirection : ASC
 where :  0 = 0  AND tipo_documento = 'D'
 qs :  AND tipo_documento = 'D'

-----------2012-11-09 12:19:36-----------
 queryString : SELECT SQL_CALC_FOUND_ROWS * FROM consumi6 WHERE  0 = 0  AND tipo_documento = 'D' ORDER BY pod ASC LIMIT 0,100
 total : Array
 count : Resource id #6
 total : 1350
 start : 0
 limit : 100
 sortProperty : pod
 sortDirection : ASC
 where :  0 = 0  AND tipo_documento = 'D'
 qs :  AND tipo_documento = 'D'

-----------2012-11-09 12:19:45-----------
 queryString : SELECT SQL_CALC_FOUND_ROWS * FROM consumi6 WHERE  0 = 0  AND tipo_documento = 'D' AND mese_riferimento = 1 ORDER BY pod ASC LIMIT 0,100
 total : Array
 count : Resource id #6
 total : 0
 start : 0
 limit : 100
 sortProperty : pod
 sortDirection : ASC
 where :  0 = 0  AND tipo_documento = 'D' AND mese_riferimento = 1
 qs :  AND tipo_documento = 'D' AND mese_riferimento = 1

-----------2012-11-09 12:19:53-----------
 queryString : SELECT SQL_CALC_FOUND_ROWS * FROM consumi6 WHERE  0 = 0  AND tipo_documento = 'D' AND mese_riferimento < 3 ORDER BY pod ASC LIMIT 0,100
 total : Array
 count : Resource id #6
 total : 0
 start : 0
 limit : 100
 sortProperty : pod
 sortDirection : ASC
 where :  0 = 0  AND tipo_documento = 'D' AND mese_riferimento < 3
 qs :  AND tipo_documento = 'D' AND mese_riferimento < 3

-----------2012-11-09 12:20:00-----------
 queryString : SELECT SQL_CALC_FOUND_ROWS * FROM consumi6 WHERE  0 = 0  AND tipo_documento = 'D' ORDER BY pod ASC LIMIT 0,100
 total : Array
 count : Resource id #6
 total : 1350
 start : 0
 limit : 100
 sortProperty : pod
 sortDirection : ASC
 where :  0 = 0  AND tipo_documento = 'D'
 qs :  AND tipo_documento = 'D'

-----------2012-11-09 12:20:01-----------
 queryString : SELECT SQL_CALC_FOUND_ROWS * FROM consumi6 WHERE  0 = 0  AND tipo_documento = 'D' ORDER BY pod ASC LIMIT 0,100
 total : Array
 count : Resource id #6
 total : 1350
 start : 0
 limit : 100
 sortProperty : pod
 sortDirection : ASC
 where :  0 = 0  AND tipo_documento = 'D'
 qs :  AND tipo_documento = 'D'

-----------2012-11-09 12:20:01-----------
 queryString : SELECT SQL_CALC_FOUND_ROWS * FROM consumi6 WHERE  0 = 0  AND tipo_documento = 'D' ORDER BY pod ASC LIMIT 0,100
 total : Array
 count : Resource id #6
 total : 1350
 start : 0
 limit : 100
 sortProperty : pod
 sortDirection : ASC
 where :  0 = 0  AND tipo_documento = 'D'
 qs :  AND tipo_documento = 'D'

-----------2012-11-09 12:20:09-----------
 queryString : SELECT SQL_CALC_FOUND_ROWS * FROM consumi6 WHERE  0 = 0  AND tipo_documento = 'D' AND anno_riferimento = 20 ORDER BY pod ASC LIMIT 0,100
 total : Array
 count : Resource id #6
 total : 0
 start : 0
 limit : 100
 sortProperty : pod
 sortDirection : ASC
 where :  0 = 0  AND tipo_documento = 'D' AND anno_riferimento = 20
 qs :  AND tipo_documento = 'D' AND anno_riferimento = 20

-----------2012-11-09 12:20:10-----------
 queryString : SELECT SQL_CALC_FOUND_ROWS * FROM consumi6 WHERE  0 = 0  AND tipo_documento = 'D' AND anno_riferimento = 2009 ORDER BY pod ASC LIMIT 0,100
 total : Array
 count : Resource id #6
 total : 0
 start : 0
 limit : 100
 sortProperty : pod
 sortDirection : ASC
 where :  0 = 0  AND tipo_documento = 'D' AND anno_riferimento = 2009
 qs :  AND tipo_documento = 'D' AND anno_riferimento = 2009

-----------2012-11-09 12:20:15-----------
 queryString : SELECT SQL_CALC_FOUND_ROWS * FROM consumi6 WHERE  0 = 0  AND tipo_documento = 'D' AND anno_riferimento = 2010 ORDER BY pod ASC LIMIT 0,100
 total : Array
 count : Resource id #6
 total : 430
 start : 0
 limit : 100
 sortProperty : pod
 sortDirection : ASC
 where :  0 = 0  AND tipo_documento = 'D' AND anno_riferimento = 2010
 qs :  AND tipo_documento = 'D' AND anno_riferimento = 2010

-----------2012-11-09 12:20:16-----------
 queryString : SELECT SQL_CALC_FOUND_ROWS * FROM consumi6 WHERE  0 = 0  AND tipo_documento = 'D' AND anno_riferimento = 2010 ORDER BY pod ASC LIMIT 0,100
 total : Array
 count : Resource id #6
 total : 430
 start : 0
 limit : 100
 sortProperty : pod
 sortDirection : ASC
 where :  0 = 0  AND tipo_documento = 'D' AND anno_riferimento = 2010
 qs :  AND tipo_documento = 'D' AND anno_riferimento = 2010

-----------2012-11-09 12:20:16-----------
 queryString : SELECT SQL_CALC_FOUND_ROWS * FROM consumi6 WHERE  0 = 0  AND tipo_documento = 'D' AND anno_riferimento = 2010 ORDER BY pod ASC LIMIT 0,100
 total : Array
 count : Resource id #6
 total : 430
 start : 0
 limit : 100
 sortProperty : pod
 sortDirection : ASC
 where :  0 = 0  AND tipo_documento = 'D' AND anno_riferimento = 2010
 qs :  AND tipo_documento = 'D' AND anno_riferimento = 2010

-----------2012-11-09 12:20:19-----------
 queryString : SELECT SQL_CALC_FOUND_ROWS * FROM consumi6 WHERE  0 = 0  ORDER BY pod ASC LIMIT 400,100
 total : Array
 count : Resource id #6
 total : 17403
 start : 400
 limit : 100
 sortProperty : pod
 sortDirection : ASC
 where :  0 = 0 
 qs : 

-----------2012-11-09 12:20:20-----------
 queryString : SELECT SQL_CALC_FOUND_ROWS * FROM consumi6 WHERE  0 = 0  ORDER BY pod ASC LIMIT 300,100
 total : Array
 count : Resource id #6
 total : 17403
 start : 300
 limit : 100
 sortProperty : pod
 sortDirection : ASC
 where :  0 = 0 
 qs : 

-----------2012-11-09 13:14:33-----------
 queryString : SELECT SQL_CALC_FOUND_ROWS * FROM consumi6 WHERE  0 = 0  ORDER BY pod ASC LIMIT 0,100
 total : Array
 count : Resource id #6
 total : 17403
 start : 0
 limit : 100
 sortProperty : pod
 sortDirection : ASC
 where :  0 = 0 
 qs : 

-----------2012-11-09 13:14:34-----------
 queryString : SELECT SQL_CALC_FOUND_ROWS * FROM consumi6 WHERE  0 = 0  ORDER BY pod ASC LIMIT 100,100
 total : Array
 count : Resource id #6
 total : 17403
 start : 100
 limit : 100
 sortProperty : pod
 sortDirection : ASC
 where :  0 = 0 
 qs : 

-----------2012-11-09 13:14:34-----------
 queryString : SELECT SQL_CALC_FOUND_ROWS * FROM consumi6 WHERE  0 = 0  ORDER BY pod ASC LIMIT 200,100
 total : Array
 count : Resource id #6
 total : 17403
 start : 200
 limit : 100
 sortProperty : pod
 sortDirection : ASC
 where :  0 = 0 
 qs : 

-----------2012-11-09 13:17:21-----------
 queryString : SELECT SQL_CALC_FOUND_ROWS * FROM consumi6 WHERE  0 = 0  ORDER BY pod ASC LIMIT 0,100
 total : Array
 count : Resource id #6
 total : 17403
 start : 0
 limit : 100
 sortProperty : pod
 sortDirection : ASC
 where :  0 = 0 
 qs : 

-----------2012-11-09 13:17:21-----------
 queryString : SELECT SQL_CALC_FOUND_ROWS * FROM consumi6 WHERE  0 = 0  ORDER BY pod ASC LIMIT 100,100
 total : Array
 count : Resource id #6
 total : 17403
 start : 100
 limit : 100
 sortProperty : pod
 sortDirection : ASC
 where :  0 = 0 
 qs : 

-----------2012-11-09 13:17:22-----------
 queryString : SELECT SQL_CALC_FOUND_ROWS * FROM consumi6 WHERE  0 = 0  ORDER BY pod ASC LIMIT 200,100
 total : Array
 count : Resource id #6
 total : 17403
 start : 200
 limit : 100
 sortProperty : pod
 sortDirection : ASC
 where :  0 = 0 
 qs : 

-----------2012-11-09 13:17:55-----------
 queryString : SELECT SQL_CALC_FOUND_ROWS * FROM consumi6 WHERE  0 = 0  ORDER BY pod ASC LIMIT 0,100
 total : Array
 count : Resource id #6
 total : 17403
 start : 0
 limit : 100
 sortProperty : pod
 sortDirection : ASC
 where :  0 = 0 
 qs : 

-----------2012-11-09 13:17:56-----------
 queryString : SELECT SQL_CALC_FOUND_ROWS * FROM consumi6 WHERE  0 = 0  ORDER BY pod ASC LIMIT 100,100
 total : Array
 count : Resource id #6
 total : 17403
 start : 100
 limit : 100
 sortProperty : pod
 sortDirection : ASC
 where :  0 = 0 
 qs : 

-----------2012-11-09 13:17:56-----------
 queryString : SELECT SQL_CALC_FOUND_ROWS * FROM consumi6 WHERE  0 = 0  ORDER BY pod ASC LIMIT 200,100
 total : Array
 count : Resource id #6
 total : 17403
 start : 200
 limit : 100
 sortProperty : pod
 sortDirection : ASC
 where :  0 = 0 
 qs : 

-----------2012-11-09 13:19:16-----------
 queryString : SELECT SQL_CALC_FOUND_ROWS * FROM consumi6 WHERE  0 = 0  ORDER BY pod ASC LIMIT 0,100
 total : Array
 count : Resource id #6
 total : 17403
 start : 0
 limit : 100
 sortProperty : pod
 sortDirection : ASC
 where :  0 = 0 
 qs : 

-----------2012-11-09 13:19:18-----------
 queryString : SELECT SQL_CALC_FOUND_ROWS * FROM consumi6 WHERE  0 = 0  ORDER BY pod ASC LIMIT 200,100
 total : Array
 count : Resource id #6
 total : 17403
 start : 200
 limit : 100
 sortProperty : pod
 sortDirection : ASC
 where :  0 = 0 
 qs : 

-----------2012-11-09 13:19:18-----------
 queryString : SELECT SQL_CALC_FOUND_ROWS * FROM consumi6 WHERE  0 = 0  ORDER BY pod ASC LIMIT 100,100
 total : Array
 count : Resource id #6
 total : 17403
 start : 100
 limit : 100
 sortProperty : pod
 sortDirection : ASC
 where :  0 = 0 
 qs : 

-----------2012-11-09 13:26:24-----------
 queryString : SELECT SQL_CALC_FOUND_ROWS * FROM consumi6 WHERE  0 = 0  ORDER BY pod ASC LIMIT 0,100
 total : Array
 count : Resource id #6
 total : 17403
 start : 0
 limit : 100
 sortProperty : pod
 sortDirection : ASC
 where :  0 = 0 
 qs : 

-----------2012-11-09 13:26:25-----------
 queryString : SELECT SQL_CALC_FOUND_ROWS * FROM consumi6 WHERE  0 = 0  ORDER BY pod ASC LIMIT 100,100
 total : Array
 count : Resource id #6
 total : 17403
 start : 100
 limit : 100
 sortProperty : pod
 sortDirection : ASC
 where :  0 = 0 
 qs : 

-----------2012-11-09 13:26:25-----------
 queryString : SELECT SQL_CALC_FOUND_ROWS * FROM consumi6 WHERE  0 = 0  ORDER BY pod ASC LIMIT 200,100
 total : Array
 count : Resource id #6
 total : 17403
 start : 200
 limit : 100
 sortProperty : pod
 sortDirection : ASC
 where :  0 = 0 
 qs : 

-----------2012-11-09 13:26:55-----------
 queryString : SELECT SQL_CALC_FOUND_ROWS * FROM consumi6 WHERE  0 = 0  ORDER BY pod ASC LIMIT 0,100
 total : Array
 count : Resource id #6
 total : 17403
 start : 0
 limit : 100
 sortProperty : pod
 sortDirection : ASC
 where :  0 = 0 
 qs : 

-----------2012-11-09 13:26:56-----------
 queryString : SELECT SQL_CALC_FOUND_ROWS * FROM consumi6 WHERE  0 = 0  ORDER BY pod ASC LIMIT 200,100
 total : Array
 count : Resource id #6
 total : 17403
 start : 200
 limit : 100
 sortProperty : pod
 sortDirection : ASC
 where :  0 = 0 
 qs : 

-----------2012-11-09 13:26:56-----------
 queryString : SELECT SQL_CALC_FOUND_ROWS * FROM consumi6 WHERE  0 = 0  ORDER BY pod ASC LIMIT 100,100
 total : Array
 count : Resource id #6
 total : 17403
 start : 100
 limit : 100
 sortProperty : pod
 sortDirection : ASC
 where :  0 = 0 
 qs : 

-----------2012-11-09 13:27:30-----------
 queryString : SELECT SQL_CALC_FOUND_ROWS * FROM consumi6 WHERE  0 = 0  ORDER BY pod ASC LIMIT 0,100
 total : Array
 count : Resource id #6
 total : 17403
 start : 0
 limit : 100
 sortProperty : pod
 sortDirection : ASC
 where :  0 = 0 
 qs : 

-----------2012-11-09 13:27:30-----------
 queryString : SELECT SQL_CALC_FOUND_ROWS * FROM consumi6 WHERE  0 = 0  ORDER BY pod ASC LIMIT 100,100
 total : Array
 count : Resource id #6
 total : 17403
 start : 100
 limit : 100
 sortProperty : pod
 sortDirection : ASC
 where :  0 = 0 
 qs : 

-----------2012-11-09 13:27:30-----------
 queryString : SELECT SQL_CALC_FOUND_ROWS * FROM consumi6 WHERE  0 = 0  ORDER BY pod ASC LIMIT 200,100
 total : Array
 count : Resource id #6
 total : 17403
 start : 200
 limit : 100
 sortProperty : pod
 sortDirection : ASC
 where :  0 = 0 
 qs : 

-----------2012-11-09 13:28:13-----------
 queryString : SELECT SQL_CALC_FOUND_ROWS * FROM consumi6 WHERE  0 = 0  ORDER BY pod ASC LIMIT 0,100
 total : Array
 count : Resource id #6
 total : 17403
 start : 0
 limit : 100
 sortProperty : pod
 sortDirection : ASC
 where :  0 = 0 
 qs : 

-----------2012-11-09 13:28:14-----------
 queryString : SELECT SQL_CALC_FOUND_ROWS * FROM consumi6 WHERE  0 = 0  ORDER BY pod ASC LIMIT 100,100
 total : Array
 count : Resource id #6
 total : 17403
 start : 100
 limit : 100
 sortProperty : pod
 sortDirection : ASC
 where :  0 = 0 
 qs : 

-----------2012-11-09 13:28:15-----------
 queryString : SELECT SQL_CALC_FOUND_ROWS * FROM consumi6 WHERE  0 = 0  ORDER BY pod ASC LIMIT 200,100
 total : Array
 count : Resource id #6
 total : 17403
 start : 200
 limit : 100
 sortProperty : pod
 sortDirection : ASC
 where :  0 = 0 
 qs : 

-----------2012-11-09 13:30:07-----------
 queryString : SELECT SQL_CALC_FOUND_ROWS * FROM consumi6 WHERE  0 = 0  ORDER BY pod ASC LIMIT 0,100
 total : Array
 count : Resource id #6
 total : 17403
 start : 0
 limit : 100
 sortProperty : pod
 sortDirection : ASC
 where :  0 = 0 
 qs : 

-----------2012-11-09 13:30:08-----------
 queryString : SELECT SQL_CALC_FOUND_ROWS * FROM consumi6 WHERE  0 = 0  ORDER BY pod ASC LIMIT 200,100
 total : Array
 count : Resource id #6
 total : 17403
 start : 200
 limit : 100
 sortProperty : pod
 sortDirection : ASC
 where :  0 = 0 
 qs : 

-----------2012-11-09 13:30:08-----------
 queryString : SELECT SQL_CALC_FOUND_ROWS * FROM consumi6 WHERE  0 = 0  ORDER BY pod ASC LIMIT 100,100
 total : Array
 count : Resource id #6
 total : 17403
 start : 100
 limit : 100
 sortProperty : pod
 sortDirection : ASC
 where :  0 = 0 
 qs : 

-----------2012-11-09 14:53:33-----------
 queryString : SELECT SQL_CALC_FOUND_ROWS * FROM consumi6 WHERE  0 = 0  ORDER BY pod ASC LIMIT 0,100
 total : Array
 count : Resource id #6
 total : 17403
 start : 0
 limit : 100
 sortProperty : pod
 sortDirection : ASC
 where :  0 = 0 
 qs : 

-----------2012-11-09 14:53:34-----------
 queryString : SELECT SQL_CALC_FOUND_ROWS * FROM consumi6 WHERE  0 = 0  ORDER BY pod ASC LIMIT 200,100
 total : Array
 count : Resource id #6
 total : 17403
 start : 200
 limit : 100
 sortProperty : pod
 sortDirection : ASC
 where :  0 = 0 
 qs : 

-----------2012-11-09 14:53:35-----------
 queryString : SELECT SQL_CALC_FOUND_ROWS * FROM consumi6 WHERE  0 = 0  ORDER BY pod ASC LIMIT 100,100
 total : Array
 count : Resource id #6
 total : 17403
 start : 100
 limit : 100
 sortProperty : pod
 sortDirection : ASC
 where :  0 = 0 
 qs : 

-----------2012-11-09 14:54:03-----------
 queryString : SELECT SQL_CALC_FOUND_ROWS * FROM consumi6 WHERE  0 = 0  ORDER BY pod ASC LIMIT 0,100
 total : Array
 count : Resource id #6
 total : 17403
 start : 0
 limit : 100
 sortProperty : pod
 sortDirection : ASC
 where :  0 = 0 
 qs : 

-----------2012-11-09 14:54:05-----------
 queryString : SELECT SQL_CALC_FOUND_ROWS * FROM consumi6 WHERE  0 = 0  ORDER BY pod ASC LIMIT 100,100
 total : Array
 count : Resource id #6
 total : 17403
 start : 100
 limit : 100
 sortProperty : pod
 sortDirection : ASC
 where :  0 = 0 
 qs : 

-----------2012-11-09 14:54:06-----------
 queryString : SELECT SQL_CALC_FOUND_ROWS * FROM consumi6 WHERE  0 = 0  ORDER BY pod ASC LIMIT 200,100
 total : Array
 count : Resource id #6
 total : 17403
 start : 200
 limit : 100
 sortProperty : pod
 sortDirection : ASC
 where :  0 = 0 
 qs : 

