2012-11-08 17:09:28 - SELECT * FROM anagrafica6 ORDER BY pod ASC LIMIT 0,  30
-----------2012-11-08 17:09:31-----------
 queryString : SELECT SQL_CALC_FOUND_ROWS * FROM consumi6 WHERE  0 = 0  ORDER BY pod ASC LIMIT 0,100
 total : Array
 start : 0
 count : Resource id #6
 sortProperty : pod
 sortDirection : ASC
 where :  0 = 0 
 qs : 

-----------2012-11-08 17:09:32-----------
 queryString : SELECT SQL_CALC_FOUND_ROWS * FROM consumi6 WHERE  0 = 0  ORDER BY pod ASC LIMIT 100,100
 total : Array
 start : 100
 count : Resource id #6
 sortProperty : pod
 sortDirection : ASC
 where :  0 = 0 
 qs : 

-----------2012-11-08 17:09:32-----------
 queryString : SELECT SQL_CALC_FOUND_ROWS * FROM consumi6 WHERE  0 = 0  ORDER BY pod ASC LIMIT 200,100
 total : Array
 start : 200
 count : Resource id #6
 sortProperty : pod
 sortDirection : ASC
 where :  0 = 0 
 qs : 

2012-11-08 17:11:19 - SELECT * FROM anagrafica6 ORDER BY pod ASC LIMIT 0,  30
-----------2012-11-08 17:11:21-----------
 queryString : SELECT SQL_CALC_FOUND_ROWS * FROM consumi6 WHERE  0 = 0  ORDER BY pod ASC LIMIT 0,100
 total : Array
 start : 0
 count : Resource id #6
 sortProperty : pod
 sortDirection : ASC
 where :  0 = 0 
 qs : 

-----------2012-11-08 17:11:23-----------
 queryString : SELECT SQL_CALC_FOUND_ROWS * FROM consumi6 WHERE  0 = 0  ORDER BY pod ASC LIMIT 100,100
 total : Array
 start : 100
 count : Resource id #6
 sortProperty : pod
 sortDirection : ASC
 where :  0 = 0 
 qs : 

-----------2012-11-08 17:11:23-----------
 queryString : SELECT SQL_CALC_FOUND_ROWS * FROM consumi6 WHERE  0 = 0  ORDER BY pod ASC LIMIT 200,100
 total : Array
 start : 200
 count : Resource id #6
 sortProperty : pod
 sortDirection : ASC
 where :  0 = 0 
 qs : 

2012-11-08 17:11:57 - SELECT * FROM anagrafica6 ORDER BY pod ASC LIMIT 0,  30
-----------2012-11-08 17:11:59-----------
 queryString : SELECT SQL_CALC_FOUND_ROWS * FROM consumi6 WHERE  0 = 0  ORDER BY pod ASC LIMIT 0,100
 total : Array
 start : 0
 count : Resource id #6
 sortProperty : pod
 sortDirection : ASC
 where :  0 = 0 
 qs : 

-----------2012-11-08 17:12:02-----------
 queryString : SELECT SQL_CALC_FOUND_ROWS * FROM consumi6 WHERE  0 = 0  ORDER BY pod ASC LIMIT 200,100
 total : Array
 start : 200
 count : Resource id #6
 sortProperty : pod
 sortDirection : ASC
 where :  0 = 0 
 qs : 

-----------2012-11-08 17:12:02-----------
 queryString : SELECT SQL_CALC_FOUND_ROWS * FROM consumi6 WHERE  0 = 0  ORDER BY pod ASC LIMIT 100,100
 total : Array
 start : 100
 count : Resource id #6
 sortProperty : pod
 sortDirection : ASC
 where :  0 = 0 
 qs : 

-----------2012-11-08 17:13:38-----------
 queryString : SELECT SQL_CALC_FOUND_ROWS * FROM consumi6 WHERE  0 = 0  ORDER BY pod ASC LIMIT 0,100
 total : Array
 start : 0
 count : Resource id #6
 sortProperty : pod
 sortDirection : ASC
 where :  0 = 0 
 qs : 

2012-11-08 17:13:38 - SELECT * FROM anagrafica6 ORDER BY pod ASC LIMIT 0,  30
-----------2012-11-08 17:13:41-----------
 queryString : SELECT SQL_CALC_FOUND_ROWS * FROM consumi6 WHERE  0 = 0  ORDER BY pod ASC LIMIT 200,100
 total : Array
 start : 200
 count : Resource id #6
 sortProperty : pod
 sortDirection : ASC
 where :  0 = 0 
 qs : 

-----------2012-11-08 17:13:41-----------
 queryString : SELECT SQL_CALC_FOUND_ROWS * FROM consumi6 WHERE  0 = 0  ORDER BY pod ASC LIMIT 100,100
 total : Array
 start : 100
 count : Resource id #6
 sortProperty : pod
 sortDirection : ASC
 where :  0 = 0 
 qs : 

2012-11-08 17:22:37 - SELECT * FROM anagrafica6 ORDER BY pod ASC LIMIT 0,  30
-----------2012-11-08 17:22:39-----------
 queryString : SELECT SQL_CALC_FOUND_ROWS * FROM consumi6 WHERE  0 = 0  ORDER BY pod ASC LIMIT 0,100
 total : Array
 start : 0
 count : Resource id #6
 sortProperty : pod
 sortDirection : ASC
 where :  0 = 0 
 qs : 

-----------2012-11-08 17:22:41-----------
 queryString : SELECT SQL_CALC_FOUND_ROWS * FROM consumi6 WHERE  0 = 0  ORDER BY pod ASC LIMIT 100,100
 total : Array
 start : 100
 count : Resource id #6
 sortProperty : pod
 sortDirection : ASC
 where :  0 = 0 
 qs : 

-----------2012-11-08 17:22:41-----------
 queryString : SELECT SQL_CALC_FOUND_ROWS * FROM consumi6 WHERE  0 = 0  ORDER BY pod ASC LIMIT 200,100
 total : Array
 start : 200
 count : Resource id #6
 sortProperty : pod
 sortDirection : ASC
 where :  0 = 0 
 qs : 

2012-11-08 17:23:28 - SELECT * FROM anagrafica6 ORDER BY pod ASC LIMIT 0,  30
-----------2012-11-08 17:23:30-----------
 queryString : SELECT SQL_CALC_FOUND_ROWS * FROM consumi6 WHERE  0 = 0  ORDER BY pod ASC LIMIT 0,100
 total : Array
 start : 0
 count : Resource id #6
 sortProperty : pod
 sortDirection : ASC
 where :  0 = 0 
 qs : 

-----------2012-11-08 17:23:32-----------
 queryString : SELECT SQL_CALC_FOUND_ROWS * FROM consumi6 WHERE  0 = 0  ORDER BY pod ASC LIMIT 200,100
 total : Array
 start : 200
 count : Resource id #6
 sortProperty : pod
 sortDirection : ASC
 where :  0 = 0 
 qs : 

-----------2012-11-08 17:23:33-----------
 queryString : SELECT SQL_CALC_FOUND_ROWS * FROM consumi6 WHERE  0 = 0  ORDER BY pod ASC LIMIT 100,100
 total : Array
 start : 100
 count : Resource id #6
 sortProperty : pod
 sortDirection : ASC
 where :  0 = 0 
 qs : 

2012-11-08 17:28:22 - SELECT * FROM anagrafica6 ORDER BY pod ASC LIMIT 0,  30
-----------2012-11-08 17:28:23-----------
 queryString : SELECT SQL_CALC_FOUND_ROWS * FROM consumi6 WHERE  0 = 0  ORDER BY pod ASC LIMIT 0,100
 total : Array
 start : 0
 count : Resource id #6
 sortProperty : pod
 sortDirection : ASC
 where :  0 = 0 
 qs : 

-----------2012-11-08 17:28:25-----------
 queryString : SELECT SQL_CALC_FOUND_ROWS * FROM consumi6 WHERE  0 = 0  ORDER BY pod ASC LIMIT 100,100
 total : Array
 start : 100
 count : Resource id #6
 sortProperty : pod
 sortDirection : ASC
 where :  0 = 0 
 qs : 

-----------2012-11-08 17:28:25-----------
 queryString : SELECT SQL_CALC_FOUND_ROWS * FROM consumi6 WHERE  0 = 0  ORDER BY pod ASC LIMIT 200,100
 total : Array
 start : 200
 count : Resource id #6
 sortProperty : pod
 sortDirection : ASC
 where :  0 = 0 
 qs : 

2012-11-08 17:36:41 - SELECT * FROM anagrafica6 ORDER BY pod ASC LIMIT 0,  30
-----------2012-11-08 17:36:42-----------
 queryString : SELECT SQL_CALC_FOUND_ROWS * FROM consumi6 WHERE  0 = 0  ORDER BY pod ASC LIMIT 0,100
 total : Array
 start : 0
 count : Resource id #6
 sortProperty : pod
 sortDirection : ASC
 where :  0 = 0 
 qs : 

-----------2012-11-08 17:36:43-----------
 queryString : SELECT SQL_CALC_FOUND_ROWS * FROM consumi6 WHERE  0 = 0  ORDER BY pod ASC LIMIT 100,100
 total : Array
 start : 100
 count : Resource id #6
 sortProperty : pod
 sortDirection : ASC
 where :  0 = 0 
 qs : 

-----------2012-11-08 17:36:43-----------
 queryString : SELECT SQL_CALC_FOUND_ROWS * FROM consumi6 WHERE  0 = 0  ORDER BY pod ASC LIMIT 200,100
 total : Array
 start : 200
 count : Resource id #6
 sortProperty : pod
 sortDirection : ASC
 where :  0 = 0 
 qs : 

2012-11-08 17:40:52 - SELECT * FROM anagrafica6 ORDER BY pod ASC LIMIT 0,  30
-----------2012-11-08 17:40:54-----------
 queryString : SELECT SQL_CALC_FOUND_ROWS * FROM consumi6 WHERE  0 = 0  ORDER BY pod ASC LIMIT 0,100
 total : Array
 start : 0
 count : Resource id #6
 sortProperty : pod
 sortDirection : ASC
 where :  0 = 0 
 qs : 

-----------2012-11-08 17:40:56-----------
 queryString : SELECT SQL_CALC_FOUND_ROWS * FROM consumi6 WHERE  0 = 0  ORDER BY pod ASC LIMIT 200,100
 total : Array
 start : 200
 count : Resource id #6
 sortProperty : pod
 sortDirection : ASC
 where :  0 = 0 
 qs : 

-----------2012-11-08 17:40:56-----------
 queryString : SELECT SQL_CALC_FOUND_ROWS * FROM consumi6 WHERE  0 = 0  ORDER BY pod ASC LIMIT 100,100
 total : Array
 start : 100
 count : Resource id #6
 sortProperty : pod
 sortDirection : ASC
 where :  0 = 0 
 qs : 

2012-11-08 17:43:06 - SELECT * FROM anagrafica6 ORDER BY pod ASC LIMIT 0,  30
-----------2012-11-08 17:43:07-----------
 queryString : SELECT SQL_CALC_FOUND_ROWS * FROM consumi6 WHERE  0 = 0  ORDER BY pod ASC LIMIT 0,100
 total : Array
 start : 0
 count : Resource id #6
 sortProperty : pod
 sortDirection : ASC
 where :  0 = 0 
 qs : 

-----------2012-11-08 17:43:09-----------
 queryString : SELECT SQL_CALC_FOUND_ROWS * FROM consumi6 WHERE  0 = 0  ORDER BY pod ASC LIMIT 100,100
 total : Array
 start : 100
 count : Resource id #6
 sortProperty : pod
 sortDirection : ASC
 where :  0 = 0 
 qs : 

-----------2012-11-08 17:43:09-----------
 queryString : SELECT SQL_CALC_FOUND_ROWS * FROM consumi6 WHERE  0 = 0  ORDER BY pod ASC LIMIT 200,100
 total : Array
 start : 200
 count : Resource id #6
 sortProperty : pod
 sortDirection : ASC
 where :  0 = 0 
 qs : 

2012-11-08 17:46:58 - SELECT * FROM anagrafica6 ORDER BY pod ASC LIMIT 0,  30
-----------2012-11-08 17:46:59-----------
 queryString : SELECT SQL_CALC_FOUND_ROWS * FROM consumi6 WHERE  0 = 0  ORDER BY pod ASC LIMIT 0,100
 total : Array
 start : 0
 count : Resource id #6
 sortProperty : pod
 sortDirection : ASC
 where :  0 = 0 
 qs : 

-----------2012-11-08 17:47:03-----------
 queryString : SELECT SQL_CALC_FOUND_ROWS * FROM consumi6 WHERE  0 = 0  ORDER BY pod ASC LIMIT 200,100
 total : Array
 start : 200
 count : Resource id #6
 sortProperty : pod
 sortDirection : ASC
 where :  0 = 0 
 qs : 

-----------2012-11-08 17:47:03-----------
 queryString : SELECT SQL_CALC_FOUND_ROWS * FROM consumi6 WHERE  0 = 0  ORDER BY pod ASC LIMIT 100,100
 total : Array
 start : 100
 count : Resource id #6
 sortProperty : pod
 sortDirection : ASC
 where :  0 = 0 
 qs : 

2012-11-08 17:48:52 - SELECT * FROM anagrafica6 ORDER BY pod ASC LIMIT 0,  30
-----------2012-11-08 17:48:53-----------
 queryString : SELECT SQL_CALC_FOUND_ROWS * FROM consumi6 WHERE  0 = 0  ORDER BY pod ASC LIMIT 0,100
 total : Array
 start : 0
 count : Resource id #6
 sortProperty : pod
 sortDirection : ASC
 where :  0 = 0 
 qs : 

-----------2012-11-08 17:48:58-----------
 queryString : SELECT SQL_CALC_FOUND_ROWS * FROM consumi6 WHERE  0 = 0  ORDER BY pod ASC LIMIT 100,100
 total : Array
 start : 100
 count : Resource id #6
 sortProperty : pod
 sortDirection : ASC
 where :  0 = 0 
 qs : 

-----------2012-11-08 17:48:58-----------
 queryString : SELECT SQL_CALC_FOUND_ROWS * FROM consumi6 WHERE  0 = 0  ORDER BY pod ASC LIMIT 200,100
 total : Array
 start : 200
 count : Resource id #6
 sortProperty : pod
 sortDirection : ASC
 where :  0 = 0 
 qs : 

2012-11-08 17:49:39 - SELECT * FROM anagrafica6 ORDER BY pod ASC LIMIT 0,  30
-----------2012-11-08 17:49:41-----------
 queryString : SELECT SQL_CALC_FOUND_ROWS * FROM consumi6 WHERE  0 = 0  ORDER BY pod ASC LIMIT 0,100
 total : Array
 start : 0
 count : Resource id #6
 sortProperty : pod
 sortDirection : ASC
 where :  0 = 0 
 qs : 

-----------2012-11-08 17:49:45-----------
 queryString : SELECT SQL_CALC_FOUND_ROWS * FROM consumi6 WHERE  0 = 0  ORDER BY pod ASC LIMIT 100,100
 total : Array
 start : 100
 count : Resource id #6
 sortProperty : pod
 sortDirection : ASC
 where :  0 = 0 
 qs : 

-----------2012-11-08 17:49:46-----------
 queryString : SELECT SQL_CALC_FOUND_ROWS * FROM consumi6 WHERE  0 = 0  ORDER BY pod ASC LIMIT 200,100
 total : Array
 start : 200
 count : Resource id #6
 sortProperty : pod
 sortDirection : ASC
 where :  0 = 0 
 qs : 

2012-11-08 17:58:15 - SELECT * FROM anagrafica6 ORDER BY pod ASC LIMIT 0,  30
-----------2012-11-08 17:58:17-----------
 queryString : SELECT SQL_CALC_FOUND_ROWS * FROM consumi6 WHERE  0 = 0  ORDER BY pod ASC LIMIT 0,100
 total : Array
 start : 0
 count : Resource id #6
 sortProperty : pod
 sortDirection : ASC
 where :  0 = 0 
 qs : 

-----------2012-11-08 17:58:20-----------
 queryString : SELECT SQL_CALC_FOUND_ROWS * FROM consumi6 WHERE  0 = 0  ORDER BY pod ASC LIMIT 100,100
 total : Array
 start : 100
 count : Resource id #6
 sortProperty : pod
 sortDirection : ASC
 where :  0 = 0 
 qs : 

-----------2012-11-08 17:58:20-----------
 queryString : SELECT SQL_CALC_FOUND_ROWS * FROM consumi6 WHERE  0 = 0  ORDER BY pod ASC LIMIT 200,100
 total : Array
 start : 200
 count : Resource id #6
 sortProperty : pod
 sortDirection : ASC
 where :  0 = 0 
 qs : 

2012-11-09 10:04:30 - SELECT * FROM anagrafica6 ORDER BY pod ASC LIMIT 0,  30
-----------2012-11-09 10:04:32-----------
 queryString : SELECT SQL_CALC_FOUND_ROWS * FROM consumi6 WHERE  0 = 0  ORDER BY pod ASC LIMIT 0,100
 total : Array
 start : 0
 count : Resource id #6
 sortProperty : pod
 sortDirection : ASC
 where :  0 = 0 
 qs : 

-----------2012-11-09 10:04:32-----------
 queryString : SELECT SQL_CALC_FOUND_ROWS * FROM consumi6 WHERE  0 = 0  ORDER BY pod ASC LIMIT 200,100
 total : Array
 start : 200
 count : Resource id #6
 sortProperty : pod
 sortDirection : ASC
 where :  0 = 0 
 qs : 

-----------2012-11-09 10:04:33-----------
 queryString : SELECT SQL_CALC_FOUND_ROWS * FROM consumi6 WHERE  0 = 0  ORDER BY pod ASC LIMIT 100,100
 total : Array
 start : 100
 count : Resource id #6
 sortProperty : pod
 sortDirection : ASC
 where :  0 = 0 
 qs : 

2012-11-09 10:18:20 - SELECT * FROM anagrafica6 ORDER BY pod ASC LIMIT 0,  30
-----------2012-11-09 10:18:20-----------
 queryString : SELECT SQL_CALC_FOUND_ROWS * FROM consumi6 WHERE  0 = 0  ORDER BY pod ASC LIMIT 0,100
 total : Array
 start : 0
 count : Resource id #6
 sortProperty : pod
 sortDirection : ASC
 where :  0 = 0 
 qs : 

-----------2012-11-09 10:18:22-----------
 queryString : SELECT SQL_CALC_FOUND_ROWS * FROM consumi6 WHERE  0 = 0  ORDER BY pod ASC LIMIT 100,100
 total : Array
 start : 100
 count : Resource id #6
 sortProperty : pod
 sortDirection : ASC
 where :  0 = 0 
 qs : 

-----------2012-11-09 10:18:22-----------
 queryString : SELECT SQL_CALC_FOUND_ROWS * FROM consumi6 WHERE  0 = 0  ORDER BY pod ASC LIMIT 200,100
 total : Array
 start : 200
 count : Resource id #6
 sortProperty : pod
 sortDirection : ASC
 where :  0 = 0 
 qs : 

2012-11-09 10:20:20 - SELECT * FROM anagrafica6 ORDER BY pod ASC LIMIT 0,  30
-----------2012-11-09 10:20:21-----------
 queryString : SELECT SQL_CALC_FOUND_ROWS * FROM consumi6 WHERE  0 = 0  ORDER BY pod ASC LIMIT 0,100
 total : Array
 start : 0
 count : Resource id #6
 sortProperty : pod
 sortDirection : ASC
 where :  0 = 0 
 qs : 

-----------2012-11-09 10:20:22-----------
 queryString : SELECT SQL_CALC_FOUND_ROWS * FROM consumi6 WHERE  0 = 0  ORDER BY pod ASC LIMIT 200,100
 total : Array
 start : 200
 count : Resource id #6
 sortProperty : pod
 sortDirection : ASC
 where :  0 = 0 
 qs : 

-----------2012-11-09 10:20:22-----------
 queryString : SELECT SQL_CALC_FOUND_ROWS * FROM consumi6 WHERE  0 = 0  ORDER BY pod ASC LIMIT 100,100
 total : Array
 start : 100
 count : Resource id #6
 sortProperty : pod
 sortDirection : ASC
 where :  0 = 0 
 qs : 

-----------2012-11-09 10:24:33-----------
 queryString : SELECT SQL_CALC_FOUND_ROWS * FROM consumi6 WHERE  0 = 0  ORDER BY pod ASC LIMIT 0,100
 total : Array
 start : 0
 count : Resource id #6
 sortProperty : pod
 sortDirection : ASC
 where :  0 = 0 
 qs : 

-----------2012-11-09 10:24:33-----------
 queryString : SELECT SQL_CALC_FOUND_ROWS * FROM consumi6 WHERE  0 = 0  ORDER BY pod ASC LIMIT 200,100
 total : Array
 start : 200
 count : Resource id #6
 sortProperty : pod
 sortDirection : ASC
 where :  0 = 0 
 qs : 

2012-11-09 10:24:33 - SELECT * FROM anagrafica6 ORDER BY pod ASC LIMIT 0,  30
-----------2012-11-09 10:24:34-----------
 queryString : SELECT SQL_CALC_FOUND_ROWS * FROM consumi6 WHERE  0 = 0  ORDER BY pod ASC LIMIT 100,100
 total : Array
 start : 100
 count : Resource id #6
 sortProperty : pod
 sortDirection : ASC
 where :  0 = 0 
 qs : 

-----------2012-11-09 10:25:20-----------
 queryString : SELECT SQL_CALC_FOUND_ROWS * FROM consumi6 WHERE  0 = 0  ORDER BY pod ASC LIMIT 0,100
 total : Array
 start : 0
 count : Resource id #6
 sortProperty : pod
 sortDirection : ASC
 where :  0 = 0 
 qs : 

2012-11-09 10:25:20 - SELECT * FROM anagrafica6 ORDER BY pod ASC LIMIT 0,  30
-----------2012-11-09 10:25:21-----------
 queryString : SELECT SQL_CALC_FOUND_ROWS * FROM consumi6 WHERE  0 = 0  ORDER BY pod ASC LIMIT 100,100
 total : Array
 start : 100
 count : Resource id #6
 sortProperty : pod
 sortDirection : ASC
 where :  0 = 0 
 qs : 

-----------2012-11-09 10:25:21-----------
 queryString : SELECT SQL_CALC_FOUND_ROWS * FROM consumi6 WHERE  0 = 0  ORDER BY pod ASC LIMIT 200,100
 total : Array
 start : 200
 count : Resource id #6
 sortProperty : pod
 sortDirection : ASC
 where :  0 = 0 
 qs : 

-----------2012-11-09 10:27:18-----------
 queryString : SELECT SQL_CALC_FOUND_ROWS * FROM consumi6 WHERE  0 = 0  ORDER BY pod ASC LIMIT 0,100
 total : Array
 start : 0
 count : Resource id #6
 sortProperty : pod
 sortDirection : ASC
 where :  0 = 0 
 qs : 

2012-11-09 10:27:18 - SELECT * FROM anagrafica6 ORDER BY pod ASC LIMIT 0,  30
-----------2012-11-09 10:27:19-----------
 queryString : SELECT SQL_CALC_FOUND_ROWS * FROM consumi6 WHERE  0 = 0  ORDER BY pod ASC LIMIT 100,100
 total : Array
 start : 100
 count : Resource id #6
 sortProperty : pod
 sortDirection : ASC
 where :  0 = 0 
 qs : 

-----------2012-11-09 10:27:20-----------
 queryString : SELECT SQL_CALC_FOUND_ROWS * FROM consumi6 WHERE  0 = 0  ORDER BY pod ASC LIMIT 200,100
 total : Array
 start : 200
 count : Resource id #6
 sortProperty : pod
 sortDirection : ASC
 where :  0 = 0 
 qs : 

2012-11-09 10:28:06 - SELECT * FROM anagrafica6 ORDER BY pod ASC LIMIT 0,  30
-----------2012-11-09 10:28:08-----------
 queryString : SELECT SQL_CALC_FOUND_ROWS * FROM consumi6 WHERE  0 = 0  ORDER BY pod ASC LIMIT 0,100
 total : Array
 start : 0
 count : Resource id #6
 sortProperty : pod
 sortDirection : ASC
 where :  0 = 0 
 qs : 

-----------2012-11-09 10:28:08-----------
 queryString : SELECT SQL_CALC_FOUND_ROWS * FROM consumi6 WHERE  0 = 0  ORDER BY pod ASC LIMIT 200,100
 total : Array
 start : 200
 count : Resource id #6
 sortProperty : pod
 sortDirection : ASC
 where :  0 = 0 
 qs : 

-----------2012-11-09 10:28:09-----------
 queryString : SELECT SQL_CALC_FOUND_ROWS * FROM consumi6 WHERE  0 = 0  ORDER BY pod ASC LIMIT 100,100
 total : Array
 start : 100
 count : Resource id #6
 sortProperty : pod
 sortDirection : ASC
 where :  0 = 0 
 qs : 

2012-11-09 10:31:57 - SELECT * FROM anagrafica6 ORDER BY pod ASC LIMIT 0,  30
-----------2012-11-09 10:31:59-----------
 queryString : SELECT SQL_CALC_FOUND_ROWS * FROM consumi6 WHERE  0 = 0  ORDER BY pod ASC LIMIT 0,100
 total : Array
 start : 0
 count : Resource id #6
 sortProperty : pod
 sortDirection : ASC
 where :  0 = 0 
 qs : 

-----------2012-11-09 10:31:59-----------
 queryString : SELECT SQL_CALC_FOUND_ROWS * FROM consumi6 WHERE  0 = 0  ORDER BY pod ASC LIMIT 100,100
 total : Array
 start : 100
 count : Resource id #6
 sortProperty : pod
 sortDirection : ASC
 where :  0 = 0 
 qs : 

-----------2012-11-09 10:31:59-----------
 queryString : SELECT SQL_CALC_FOUND_ROWS * FROM consumi6 WHERE  0 = 0  ORDER BY pod ASC LIMIT 200,100
 total : Array
 start : 200
 count : Resource id #6
 sortProperty : pod
 sortDirection : ASC
 where :  0 = 0 
 qs : 

-----------2012-11-09 10:32:32-----------
 queryString : SELECT SQL_CALC_FOUND_ROWS * FROM consumi6 WHERE  0 = 0  ORDER BY pod ASC LIMIT 0,100
 total : Array
 start : 0
 count : Resource id #6
 sortProperty : pod
 sortDirection : ASC
 where :  0 = 0 
 qs : 

-----------2012-11-09 10:32:32-----------
 queryString : SELECT SQL_CALC_FOUND_ROWS * FROM consumi6 WHERE  0 = 0  ORDER BY pod ASC LIMIT 100,100
 total : Array
 start : 100
 count : Resource id #6
 sortProperty : pod
 sortDirection : ASC
 where :  0 = 0 
 qs : 

2012-11-09 10:32:32 - SELECT * FROM anagrafica6 ORDER BY pod ASC LIMIT 0,  30
-----------2012-11-09 10:32:32-----------
 queryString : SELECT SQL_CALC_FOUND_ROWS * FROM consumi6 WHERE  0 = 0  ORDER BY pod ASC LIMIT 200,100
 total : Array
 start : 200
 count : Resource id #6
 sortProperty : pod
 sortDirection : ASC
 where :  0 = 0 
 qs : 

-----------2012-11-09 10:33:56-----------
 queryString : SELECT SQL_CALC_FOUND_ROWS * FROM consumi6 WHERE  0 = 0  ORDER BY pod ASC LIMIT 0,100
 total : Array
 start : 0
 count : Resource id #6
 sortProperty : pod
 sortDirection : ASC
 where :  0 = 0 
 qs : 

2012-11-09 10:33:56 - SELECT * FROM anagrafica6 ORDER BY pod ASC LIMIT 0,  30
-----------2012-11-09 10:33:57-----------
 queryString : SELECT SQL_CALC_FOUND_ROWS * FROM consumi6 WHERE  0 = 0  ORDER BY pod ASC LIMIT 200,100
 total : Array
 start : 200
 count : Resource id #6
 sortProperty : pod
 sortDirection : ASC
 where :  0 = 0 
 qs : 

-----------2012-11-09 10:33:57-----------
 queryString : SELECT SQL_CALC_FOUND_ROWS * FROM consumi6 WHERE  0 = 0  ORDER BY pod ASC LIMIT 100,100
 total : Array
 start : 100
 count : Resource id #6
 sortProperty : pod
 sortDirection : ASC
 where :  0 = 0 
 qs : 

2012-11-09 10:34:15 - SELECT * FROM anagrafica6 ORDER BY pod ASC LIMIT 0,  30
-----------2012-11-09 10:34:15-----------
 queryString : SELECT SQL_CALC_FOUND_ROWS * FROM consumi6 WHERE  0 = 0  ORDER BY pod ASC LIMIT 0,100
 total : Array
 start : 0
 count : Resource id #6
 sortProperty : pod
 sortDirection : ASC
 where :  0 = 0 
 qs : 

-----------2012-11-09 10:34:16-----------
 queryString : SELECT SQL_CALC_FOUND_ROWS * FROM consumi6 WHERE  0 = 0  ORDER BY pod ASC LIMIT 200,100
 total : Array
 start : 200
 count : Resource id #6
 sortProperty : pod
 sortDirection : ASC
 where :  0 = 0 
 qs : 

-----------2012-11-09 10:34:16-----------
 queryString : SELECT SQL_CALC_FOUND_ROWS * FROM consumi6 WHERE  0 = 0  ORDER BY pod ASC LIMIT 100,100
 total : Array
 start : 100
 count : Resource id #6
 sortProperty : pod
 sortDirection : ASC
 where :  0 = 0 
 qs : 

2012-11-09 10:34:39 - SELECT * FROM anagrafica6 ORDER BY pod ASC LIMIT 0,  30
-----------2012-11-09 10:34:41-----------
 queryString : SELECT SQL_CALC_FOUND_ROWS * FROM consumi6 WHERE  0 = 0  ORDER BY pod ASC LIMIT 0,100
 total : Array
 start : 0
 count : Resource id #6
 sortProperty : pod
 sortDirection : ASC
 where :  0 = 0 
 qs : 

-----------2012-11-09 10:34:43-----------
 queryString : SELECT SQL_CALC_FOUND_ROWS * FROM consumi6 WHERE  0 = 0  ORDER BY pod ASC LIMIT 100,100
 total : Array
 start : 100
 count : Resource id #6
 sortProperty : pod
 sortDirection : ASC
 where :  0 = 0 
 qs : 

-----------2012-11-09 10:34:43-----------
 queryString : SELECT SQL_CALC_FOUND_ROWS * FROM consumi6 WHERE  0 = 0  ORDER BY pod ASC LIMIT 200,100
 total : Array
 start : 200
 count : Resource id #6
 sortProperty : pod
 sortDirection : ASC
 where :  0 = 0 
 qs : 

2012-11-09 10:35:42 - SELECT * FROM anagrafica6 ORDER BY pod ASC LIMIT 0,  30
-----------2012-11-09 10:35:42-----------
 queryString : SELECT SQL_CALC_FOUND_ROWS * FROM consumi6 WHERE  0 = 0  ORDER BY pod ASC LIMIT 0,100
 total : Array
 start : 0
 count : Resource id #6
 sortProperty : pod
 sortDirection : ASC
 where :  0 = 0 
 qs : 

-----------2012-11-09 10:35:45-----------
 queryString : SELECT SQL_CALC_FOUND_ROWS * FROM consumi6 WHERE  0 = 0  ORDER BY pod ASC LIMIT 200,100
 total : Array
 start : 200
 count : Resource id #6
 sortProperty : pod
 sortDirection : ASC
 where :  0 = 0 
 qs : 

-----------2012-11-09 10:35:45-----------
 queryString : SELECT SQL_CALC_FOUND_ROWS * FROM consumi6 WHERE  0 = 0  ORDER BY pod ASC LIMIT 100,100
 total : Array
 start : 100
 count : Resource id #6
 sortProperty : pod
 sortDirection : ASC
 where :  0 = 0 
 qs : 

2012-11-09 10:36:13 - SELECT * FROM anagrafica6 ORDER BY pod ASC LIMIT 0,  30
-----------2012-11-09 10:36:16-----------
 queryString : SELECT SQL_CALC_FOUND_ROWS * FROM consumi6 WHERE  0 = 0  ORDER BY pod ASC LIMIT 0,100
 total : Array
 start : 0
 count : Resource id #6
 sortProperty : pod
 sortDirection : ASC
 where :  0 = 0 
 qs : 

-----------2012-11-09 10:36:17-----------
 queryString : SELECT SQL_CALC_FOUND_ROWS * FROM consumi6 WHERE  0 = 0  ORDER BY pod ASC LIMIT 100,100
 total : Array
 start : 100
 count : Resource id #6
 sortProperty : pod
 sortDirection : ASC
 where :  0 = 0 
 qs : 

-----------2012-11-09 10:36:18-----------
 queryString : SELECT SQL_CALC_FOUND_ROWS * FROM consumi6 WHERE  0 = 0  ORDER BY pod ASC LIMIT 200,100
 total : Array
 start : 200
 count : Resource id #6
 sortProperty : pod
 sortDirection : ASC
 where :  0 = 0 
 qs : 

2012-11-09 10:36:42 - SELECT * FROM anagrafica6 ORDER BY pod ASC LIMIT 0,  30
-----------2012-11-09 10:36:43-----------
 queryString : SELECT SQL_CALC_FOUND_ROWS * FROM consumi6 WHERE  0 = 0  ORDER BY pod ASC LIMIT 0,100
 total : Array
 start : 0
 count : Resource id #6
 sortProperty : pod
 sortDirection : ASC
 where :  0 = 0 
 qs : 

-----------2012-11-09 10:36:47-----------
 queryString : SELECT SQL_CALC_FOUND_ROWS * FROM consumi6 WHERE  0 = 0  ORDER BY pod ASC LIMIT 100,100
 total : Array
 start : 100
 count : Resource id #6
 sortProperty : pod
 sortDirection : ASC
 where :  0 = 0 
 qs : 

-----------2012-11-09 10:36:47-----------
 queryString : SELECT SQL_CALC_FOUND_ROWS * FROM consumi6 WHERE  0 = 0  ORDER BY pod ASC LIMIT 200,100
 total : Array
 start : 200
 count : Resource id #6
 sortProperty : pod
 sortDirection : ASC
 where :  0 = 0 
 qs : 

-----------2012-11-09 10:38:08-----------
 queryString : SELECT SQL_CALC_FOUND_ROWS * FROM consumi6 WHERE  0 = 0  ORDER BY pod ASC LIMIT 0,100
 total : Array
 start : 0
 count : Resource id #6
 sortProperty : pod
 sortDirection : ASC
 where :  0 = 0 
 qs : 

2012-11-09 10:38:09 - SELECT * FROM anagrafica6 ORDER BY pod ASC LIMIT 0,  30
-----------2012-11-09 10:38:09-----------
 queryString : SELECT SQL_CALC_FOUND_ROWS * FROM consumi6 WHERE  0 = 0  ORDER BY pod ASC LIMIT 200,100
 total : Array
 start : 200
 count : Resource id #6
 sortProperty : pod
 sortDirection : ASC
 where :  0 = 0 
 qs : 

-----------2012-11-09 10:38:11-----------
 queryString : SELECT SQL_CALC_FOUND_ROWS * FROM consumi6 WHERE  0 = 0  ORDER BY pod ASC LIMIT 100,100
 total : Array
 start : 100
 count : Resource id #6
 sortProperty : pod
 sortDirection : ASC
 where :  0 = 0 
 qs : 

2012-11-09 10:44:18 - SELECT * FROM anagrafica6 ORDER BY pod ASC LIMIT 0,  30
-----------2012-11-09 10:44:19-----------
 queryString : SELECT SQL_CALC_FOUND_ROWS * FROM consumi6 WHERE  0 = 0  ORDER BY pod ASC LIMIT 0,100
 total : Array
 start : 0
 count : Resource id #6
 sortProperty : pod
 sortDirection : ASC
 where :  0 = 0 
 qs : 

-----------2012-11-09 10:44:23-----------
 queryString : SELECT SQL_CALC_FOUND_ROWS * FROM consumi6 WHERE  0 = 0  ORDER BY pod ASC LIMIT 200,100
 total : Array
 start : 200
 count : Resource id #6
 sortProperty : pod
 sortDirection : ASC
 where :  0 = 0 
 qs : 

-----------2012-11-09 10:44:22-----------
 queryString : SELECT SQL_CALC_FOUND_ROWS * FROM consumi6 WHERE  0 = 0  ORDER BY pod ASC LIMIT 100,100
 total : Array
 start : 100
 count : Resource id #6
 sortProperty : pod
 sortDirection : ASC
 where :  0 = 0 
 qs : 

2012-11-09 10:45:51 - SELECT * FROM anagrafica6 ORDER BY pod ASC LIMIT 0,  30
-----------2012-11-09 10:45:54-----------
 queryString : SELECT SQL_CALC_FOUND_ROWS * FROM consumi6 WHERE  0 = 0  ORDER BY pod ASC LIMIT 0,100
 total : Array
 start : 0
 count : Resource id #6
 sortProperty : pod
 sortDirection : ASC
 where :  0 = 0 
 qs : 

-----------2012-11-09 10:45:56-----------
 queryString : SELECT SQL_CALC_FOUND_ROWS * FROM consumi6 WHERE  0 = 0  ORDER BY pod ASC LIMIT 200,100
 total : Array
 start : 200
 count : Resource id #6
 sortProperty : pod
 sortDirection : ASC
 where :  0 = 0 
 qs : 

-----------2012-11-09 10:45:56-----------
 queryString : SELECT SQL_CALC_FOUND_ROWS * FROM consumi6 WHERE  0 = 0  ORDER BY pod ASC LIMIT 100,100
 total : Array
 start : 100
 count : Resource id #6
 sortProperty : pod
 sortDirection : ASC
 where :  0 = 0 
 qs : 

2012-11-09 10:46:49 - SELECT * FROM anagrafica6 ORDER BY pod ASC LIMIT 0,  30
-----------2012-11-09 10:46:51-----------
 queryString : SELECT SQL_CALC_FOUND_ROWS * FROM consumi6 WHERE  0 = 0  ORDER BY pod ASC LIMIT 0,100
 total : Array
 start : 0
 count : Resource id #6
 sortProperty : pod
 sortDirection : ASC
 where :  0 = 0 
 qs : 

-----------2012-11-09 10:46:52-----------
 queryString : SELECT SQL_CALC_FOUND_ROWS * FROM consumi6 WHERE  0 = 0  ORDER BY pod ASC LIMIT 200,100
 total : Array
 start : 200
 count : Resource id #6
 sortProperty : pod
 sortDirection : ASC
 where :  0 = 0 
 qs : 

-----------2012-11-09 10:46:53-----------
 queryString : SELECT SQL_CALC_FOUND_ROWS * FROM consumi6 WHERE  0 = 0  ORDER BY pod ASC LIMIT 100,100
 total : Array
 start : 100
 count : Resource id #6
 sortProperty : pod
 sortDirection : ASC
 where :  0 = 0 
 qs : 

2012-11-09 10:50:02 - SELECT * FROM anagrafica6 ORDER BY pod ASC LIMIT 0,  30
-----------2012-11-09 10:50:02-----------
 queryString : SELECT SQL_CALC_FOUND_ROWS * FROM consumi6 WHERE  0 = 0  ORDER BY pod ASC LIMIT 0,100
 total : Array
 start : 0
 count : Resource id #6
 sortProperty : pod
 sortDirection : ASC
 where :  0 = 0 
 qs : 

-----------2012-11-09 10:50:04-----------
 queryString : SELECT SQL_CALC_FOUND_ROWS * FROM consumi6 WHERE  0 = 0  ORDER BY pod ASC LIMIT 100,100
 total : Array
 start : 100
 count : Resource id #6
 sortProperty : pod
 sortDirection : ASC
 where :  0 = 0 
 qs : 

-----------2012-11-09 10:50:05-----------
 queryString : SELECT SQL_CALC_FOUND_ROWS * FROM consumi6 WHERE  0 = 0  ORDER BY pod ASC LIMIT 200,100
 total : Array
 start : 200
 count : Resource id #6
 sortProperty : pod
 sortDirection : ASC
 where :  0 = 0 
 qs : 

2012-11-09 10:58:09 - SELECT * FROM anagrafica6 ORDER BY pod ASC LIMIT 0,  30
-----------2012-11-09 10:58:11-----------
 queryString : SELECT SQL_CALC_FOUND_ROWS * FROM consumi6 WHERE  0 = 0  ORDER BY pod ASC LIMIT 0,100
 total : Array
 start : 0
 count : Resource id #6
 sortProperty : pod
 sortDirection : ASC
 where :  0 = 0 
 qs : 

-----------2012-11-09 10:58:13-----------
 queryString : SELECT SQL_CALC_FOUND_ROWS * FROM consumi6 WHERE  0 = 0  ORDER BY pod ASC LIMIT 200,100
 total : Array
 start : 200
 count : Resource id #6
 sortProperty : pod
 sortDirection : ASC
 where :  0 = 0 
 qs : 

-----------2012-11-09 10:58:13-----------
 queryString : SELECT SQL_CALC_FOUND_ROWS * FROM consumi6 WHERE  0 = 0  ORDER BY pod ASC LIMIT 100,100
 total : Array
 start : 100
 count : Resource id #6
 sortProperty : pod
 sortDirection : ASC
 where :  0 = 0 
 qs : 

2012-11-09 10:58:45 - SELECT * FROM anagrafica6 ORDER BY pod ASC LIMIT 0,  30
-----------2012-11-09 10:58:48-----------
 queryString : SELECT SQL_CALC_FOUND_ROWS * FROM consumi6 WHERE  0 = 0  ORDER BY pod ASC LIMIT 0,100
 total : Array
 start : 0
 count : Resource id #6
 sortProperty : pod
 sortDirection : ASC
 where :  0 = 0 
 qs : 

-----------2012-11-09 10:58:49-----------
 queryString : SELECT SQL_CALC_FOUND_ROWS * FROM consumi6 WHERE  0 = 0  ORDER BY pod ASC LIMIT 100,100
 total : Array
 start : 100
 count : Resource id #6
 sortProperty : pod
 sortDirection : ASC
 where :  0 = 0 
 qs : 

-----------2012-11-09 10:58:49-----------
 queryString : SELECT SQL_CALC_FOUND_ROWS * FROM consumi6 WHERE  0 = 0  ORDER BY pod ASC LIMIT 200,100
 total : Array
 start : 200
 count : Resource id #6
 sortProperty : pod
 sortDirection : ASC
 where :  0 = 0 
 qs : 

2012-11-09 11:03:17 - SELECT * FROM anagrafica6 ORDER BY pod ASC LIMIT 0,  30
-----------2012-11-09 11:03:19-----------
 queryString : SELECT SQL_CALC_FOUND_ROWS * FROM consumi6 WHERE  0 = 0  ORDER BY pod ASC LIMIT 0,100
 total : Array
 start : 0
 count : Resource id #6
 sortProperty : pod
 sortDirection : ASC
 where :  0 = 0 
 qs : 

-----------2012-11-09 11:03:22-----------
 queryString : SELECT SQL_CALC_FOUND_ROWS * FROM consumi6 WHERE  0 = 0  ORDER BY pod ASC LIMIT 100,100
 total : Array
 start : 100
 count : Resource id #6
 sortProperty : pod
 sortDirection : ASC
 where :  0 = 0 
 qs : 

-----------2012-11-09 11:03:22-----------
 queryString : SELECT SQL_CALC_FOUND_ROWS * FROM consumi6 WHERE  0 = 0  ORDER BY pod ASC LIMIT 200,100
 total : Array
 start : 200
 count : Resource id #6
 sortProperty : pod
 sortDirection : ASC
 where :  0 = 0 
 qs : 

2012-11-09 11:07:16 - SELECT * FROM anagrafica6 ORDER BY pod ASC LIMIT 0,  30
-----------2012-11-09 11:07:19-----------
 queryString : SELECT SQL_CALC_FOUND_ROWS * FROM consumi6 WHERE  0 = 0  ORDER BY pod ASC LIMIT 0,100
 total : Array
 start : 0
 count : Resource id #6
 sortProperty : pod
 sortDirection : ASC
 where :  0 = 0 
 qs : 

-----------2012-11-09 11:07:21-----------
 queryString : SELECT SQL_CALC_FOUND_ROWS * FROM consumi6 WHERE  0 = 0  ORDER BY pod ASC LIMIT 100,100
 total : Array
 start : 100
 count : Resource id #6
 sortProperty : pod
 sortDirection : ASC
 where :  0 = 0 
 qs : 

-----------2012-11-09 11:07:21-----------
 queryString : SELECT SQL_CALC_FOUND_ROWS * FROM consumi6 WHERE  0 = 0  ORDER BY pod ASC LIMIT 200,100
 total : Array
 start : 200
 count : Resource id #6
 sortProperty : pod
 sortDirection : ASC
 where :  0 = 0 
 qs : 

2012-11-09 11:07:47 - SELECT * FROM anagrafica6 ORDER BY pod ASC LIMIT 0,  30
-----------2012-11-09 11:07:48-----------
 queryString : SELECT SQL_CALC_FOUND_ROWS * FROM consumi6 WHERE  0 = 0  ORDER BY pod ASC LIMIT 0,100
 total : Array
 start : 0
 count : Resource id #6
 sortProperty : pod
 sortDirection : ASC
 where :  0 = 0 
 qs : 

-----------2012-11-09 11:07:50-----------
 queryString : SELECT SQL_CALC_FOUND_ROWS * FROM consumi6 WHERE  0 = 0  ORDER BY pod ASC LIMIT 100,100
 total : Array
 start : 100
 count : Resource id #6
 sortProperty : pod
 sortDirection : ASC
 where :  0 = 0 
 qs : 

-----------2012-11-09 11:07:50-----------
 queryString : SELECT SQL_CALC_FOUND_ROWS * FROM consumi6 WHERE  0 = 0  ORDER BY pod ASC LIMIT 200,100
 total : Array
 start : 200
 count : Resource id #6
 sortProperty : pod
 sortDirection : ASC
 where :  0 = 0 
 qs : 

2012-11-09 11:09:01 - SELECT * FROM anagrafica6 ORDER BY pod ASC LIMIT 0,  30
-----------2012-11-09 11:09:02-----------
 queryString : SELECT SQL_CALC_FOUND_ROWS * FROM consumi6 WHERE  0 = 0  ORDER BY pod ASC LIMIT 0,100
 total : Array
 start : 0
 count : Resource id #6
 sortProperty : pod
 sortDirection : ASC
 where :  0 = 0 
 qs : 

-----------2012-11-09 11:09:05-----------
 queryString : SELECT SQL_CALC_FOUND_ROWS * FROM consumi6 WHERE  0 = 0  ORDER BY pod ASC LIMIT 100,100
 total : Array
 start : 100
 count : Resource id #6
 sortProperty : pod
 sortDirection : ASC
 where :  0 = 0 
 qs : 

-----------2012-11-09 11:09:06-----------
 queryString : SELECT SQL_CALC_FOUND_ROWS * FROM consumi6 WHERE  0 = 0  ORDER BY pod ASC LIMIT 200,100
 total : Array
 start : 200
 count : Resource id #6
 sortProperty : pod
 sortDirection : ASC
 where :  0 = 0 
 qs : 

2012-11-09 11:11:39 - SELECT * FROM anagrafica6 ORDER BY pod ASC LIMIT 0,  30
-----------2012-11-09 11:11:41-----------
 queryString : SELECT SQL_CALC_FOUND_ROWS * FROM consumi6 WHERE  0 = 0  ORDER BY pod ASC LIMIT 0,100
 total : Array
 start : 0
 count : Resource id #6
 sortProperty : pod
 sortDirection : ASC
 where :  0 = 0 
 qs : 

-----------2012-11-09 11:11:44-----------
 queryString : SELECT SQL_CALC_FOUND_ROWS * FROM consumi6 WHERE  0 = 0  ORDER BY pod ASC LIMIT 100,100
 total : Array
 start : 100
 count : Resource id #6
 sortProperty : pod
 sortDirection : ASC
 where :  0 = 0 
 qs : 

-----------2012-11-09 11:11:44-----------
 queryString : SELECT SQL_CALC_FOUND_ROWS * FROM consumi6 WHERE  0 = 0  ORDER BY pod ASC LIMIT 200,100
 total : Array
 start : 200
 count : Resource id #6
 sortProperty : pod
 sortDirection : ASC
 where :  0 = 0 
 qs : 

2012-11-09 11:17:34 - SELECT * FROM anagrafica6 ORDER BY pod ASC LIMIT 0,  30
-----------2012-11-09 11:17:34-----------
 queryString : SELECT SQL_CALC_FOUND_ROWS * FROM consumi6 WHERE  0 = 0  ORDER BY pod ASC LIMIT 0,100
 total : Array
 start : 0
 count : Resource id #6
 sortProperty : pod
 sortDirection : ASC
 where :  0 = 0 
 qs : 

-----------2012-11-09 11:17:37-----------
 queryString : SELECT SQL_CALC_FOUND_ROWS * FROM consumi6 WHERE  0 = 0  ORDER BY pod ASC LIMIT 200,100
 total : Array
 start : 200
 count : Resource id #6
 sortProperty : pod
 sortDirection : ASC
 where :  0 = 0 
 qs : 

-----------2012-11-09 11:17:38-----------
 queryString : SELECT SQL_CALC_FOUND_ROWS * FROM consumi6 WHERE  0 = 0  ORDER BY pod ASC LIMIT 100,100
 total : Array
 start : 100
 count : Resource id #6
 sortProperty : pod
 sortDirection : ASC
 where :  0 = 0 
 qs : 

2012-11-09 11:18:15 - SELECT * FROM anagrafica6 ORDER BY pod ASC LIMIT 0,  30
-----------2012-11-09 11:18:19-----------
 queryString : SELECT SQL_CALC_FOUND_ROWS * FROM consumi6 WHERE  0 = 0  ORDER BY pod ASC LIMIT 0,100
 total : Array
 start : 0
 count : Resource id #6
 sortProperty : pod
 sortDirection : ASC
 where :  0 = 0 
 qs : 

-----------2012-11-09 11:18:19-----------
 queryString : SELECT SQL_CALC_FOUND_ROWS * FROM consumi6 WHERE  0 = 0  ORDER BY pod ASC LIMIT 200,100
 total : Array
 start : 200
 count : Resource id #6
 sortProperty : pod
 sortDirection : ASC
 where :  0 = 0 
 qs : 

-----------2012-11-09 11:18:20-----------
 queryString : SELECT SQL_CALC_FOUND_ROWS * FROM consumi6 WHERE  0 = 0  ORDER BY pod ASC LIMIT 100,100
 total : Array
 start : 100
 count : Resource id #6
 sortProperty : pod
 sortDirection : ASC
 where :  0 = 0 
 qs : 

-----------2012-11-09 11:20:37-----------
 queryString : SELECT SQL_CALC_FOUND_ROWS * FROM consumi6 WHERE  0 = 0  ORDER BY pod ASC LIMIT 9900,100
 total : Array
 start : 9900
 count : Resource id #6
 sortProperty : pod
 sortDirection : ASC
 where :  0 = 0 
 qs : 

-----------2012-11-09 11:20:38-----------
 queryString : SELECT SQL_CALC_FOUND_ROWS * FROM consumi6 WHERE  0 = 0  ORDER BY pod ASC LIMIT 9700,100
 total : Array
 start : 9700
 count : Resource id #6
 sortProperty : pod
 sortDirection : ASC
 where :  0 = 0 
 qs : 

-----------2012-11-09 11:20:38-----------
 queryString : SELECT SQL_CALC_FOUND_ROWS * FROM consumi6 WHERE  0 = 0  ORDER BY pod ASC LIMIT 9800,100
 total : Array
 start : 9800
 count : Resource id #6
 sortProperty : pod
 sortDirection : ASC
 where :  0 = 0 
 qs : 

-----------2012-11-09 11:20:39-----------
 queryString : SELECT SQL_CALC_FOUND_ROWS * FROM consumi6 WHERE  0 = 0  ORDER BY pod ASC LIMIT 10000,100
 total : Array
 start : 10000
 count : Resource id #6
 sortProperty : pod
 sortDirection : ASC
 where :  0 = 0 
 qs : 

-----------2012-11-09 11:20:42-----------
 queryString : SELECT SQL_CALC_FOUND_ROWS * FROM consumi6 WHERE  0 = 0  ORDER BY pod ASC LIMIT 16600,100
 total : Array
 start : 16600
 count : Resource id #6
 sortProperty : pod
 sortDirection : ASC
 where :  0 = 0 
 qs : 

-----------2012-11-09 11:20:42-----------
 queryString : SELECT SQL_CALC_FOUND_ROWS * FROM consumi6 WHERE  0 = 0  ORDER BY pod ASC LIMIT 16400,100
 total : Array
 start : 16400
 count : Resource id #6
 sortProperty : pod
 sortDirection : ASC
 where :  0 = 0 
 qs : 

-----------2012-11-09 11:20:42-----------
 queryString : SELECT SQL_CALC_FOUND_ROWS * FROM consumi6 WHERE  0 = 0  ORDER BY pod ASC LIMIT 16500,100
 total : Array
 start : 16500
 count : Resource id #6
 sortProperty : pod
 sortDirection : ASC
 where :  0 = 0 
 qs : 

-----------2012-11-09 11:20:50-----------
 queryString : SELECT SQL_CALC_FOUND_ROWS * FROM consumi6 WHERE  0 = 0  AND tipo_documento = 'C' ORDER BY pod ASC LIMIT 0,100
 total : Array
 start : 0
 count : Resource id #6
 sortProperty : pod
 sortDirection : ASC
 where :  0 = 0  AND tipo_documento = 'C'
 qs :  AND tipo_documento = 'C'

-----------2012-11-09 11:20:51-----------
 queryString : SELECT SQL_CALC_FOUND_ROWS * FROM consumi6 WHERE  0 = 0  AND tipo_documento = 'C' ORDER BY pod ASC LIMIT 0,100
 total : Array
 start : 0
 count : Resource id #6
 sortProperty : pod
 sortDirection : ASC
 where :  0 = 0  AND tipo_documento = 'C'
 qs :  AND tipo_documento = 'C'

-----------2012-11-09 11:20:51-----------
 queryString : SELECT SQL_CALC_FOUND_ROWS * FROM consumi6 WHERE  0 = 0  AND tipo_documento = 'C' ORDER BY pod ASC LIMIT 0,100
 total : Array
 start : 0
 count : Resource id #6
 sortProperty : pod
 sortDirection : ASC
 where :  0 = 0  AND tipo_documento = 'C'
 qs :  AND tipo_documento = 'C'

-----------2012-11-09 11:20:55-----------
 queryString : SELECT SQL_CALC_FOUND_ROWS * FROM consumi6 WHERE  0 = 0  AND tipo_documento IN ('C','F') ORDER BY pod ASC LIMIT 0,100
 total : Array
 start : 0
 count : Resource id #6
 sortProperty : pod
 sortDirection : ASC
 where :  0 = 0  AND tipo_documento IN ('C','F')
 qs :  AND tipo_documento IN ('C','F')

-----------2012-11-09 11:20:57-----------
 queryString : SELECT SQL_CALC_FOUND_ROWS * FROM consumi6 WHERE  0 = 0  AND tipo_documento IN ('C','F') ORDER BY pod ASC LIMIT 0,100
 total : Array
 start : 0
 count : Resource id #6
 sortProperty : pod
 sortDirection : ASC
 where :  0 = 0  AND tipo_documento IN ('C','F')
 qs :  AND tipo_documento IN ('C','F')

-----------2012-11-09 11:20:57-----------
 queryString : SELECT SQL_CALC_FOUND_ROWS * FROM consumi6 WHERE  0 = 0  AND tipo_documento IN ('C','F') ORDER BY pod ASC LIMIT 0,100
 total : Array
 start : 0
 count : Resource id #6
 sortProperty : pod
 sortDirection : ASC
 where :  0 = 0  AND tipo_documento IN ('C','F')
 qs :  AND tipo_documento IN ('C','F')

-----------2012-11-09 11:20:59-----------
 queryString : SELECT SQL_CALC_FOUND_ROWS * FROM consumi6 WHERE  0 = 0  AND tipo_documento = 'F' ORDER BY pod ASC LIMIT 0,100
 total : Array
 start : 0
 count : Resource id #6
 sortProperty : pod
 sortDirection : ASC
 where :  0 = 0  AND tipo_documento = 'F'
 qs :  AND tipo_documento = 'F'

-----------2012-11-09 11:21:00-----------
 queryString : SELECT SQL_CALC_FOUND_ROWS * FROM consumi6 WHERE  0 = 0  AND tipo_documento = 'F' ORDER BY pod ASC LIMIT 0,100
 total : Array
 start : 0
 count : Resource id #6
 sortProperty : pod
 sortDirection : ASC
 where :  0 = 0  AND tipo_documento = 'F'
 qs :  AND tipo_documento = 'F'

-----------2012-11-09 11:21:01-----------
 queryString : SELECT SQL_CALC_FOUND_ROWS * FROM consumi6 WHERE  0 = 0  AND tipo_documento = 'F' ORDER BY pod ASC LIMIT 0,100
 total : Array
 start : 0
 count : Resource id #6
 sortProperty : pod
 sortDirection : ASC
 where :  0 = 0  AND tipo_documento = 'F'
 qs :  AND tipo_documento = 'F'

-----------2012-11-09 11:21:14-----------
 queryString : SELECT SQL_CALC_FOUND_ROWS * FROM consumi6 WHERE  0 = 0  AND tipo_documento = 'F' AND anno_consumi = 2009 ORDER BY pod ASC LIMIT 0,100
 total : Array
 start : 0
 count : Resource id #6
 sortProperty : pod
 sortDirection : ASC
 where :  0 = 0  AND tipo_documento = 'F' AND anno_consumi = 2009
 qs :  AND tipo_documento = 'F' AND anno_consumi = 2009

-----------2012-11-09 11:21:16-----------
 queryString : SELECT SQL_CALC_FOUND_ROWS * FROM consumi6 WHERE  0 = 0  AND tipo_documento = 'F' AND anno_consumi = 2009 ORDER BY pod ASC LIMIT 0,100
 total : Array
 start : 0
 count : Resource id #6
 sortProperty : pod
 sortDirection : ASC
 where :  0 = 0  AND tipo_documento = 'F' AND anno_consumi = 2009
 qs :  AND tipo_documento = 'F' AND anno_consumi = 2009

-----------2012-11-09 11:21:16-----------
 queryString : SELECT SQL_CALC_FOUND_ROWS * FROM consumi6 WHERE  0 = 0  AND tipo_documento = 'F' AND anno_consumi = 2009 ORDER BY pod ASC LIMIT 0,100
 total : Array
 start : 0
 count : Resource id #6
 sortProperty : pod
 sortDirection : ASC
 where :  0 = 0  AND tipo_documento = 'F' AND anno_consumi = 2009
 qs :  AND tipo_documento = 'F' AND anno_consumi = 2009

-----------2012-11-09 11:21:23-----------
 queryString : SELECT SQL_CALC_FOUND_ROWS * FROM consumi6 WHERE  0 = 0  AND tipo_documento = 'F' AND mese_consumi = 1 AND anno_consumi = 2009 ORDER BY pod ASC LIMIT 0,100
 total : Array
 start : 0
 count : Resource id #6
 sortProperty : pod
 sortDirection : ASC
 where :  0 = 0  AND tipo_documento = 'F' AND mese_consumi = 1 AND anno_consumi = 2009
 qs :  AND tipo_documento = 'F' AND mese_consumi = 1 AND anno_consumi = 2009

-----------2012-11-09 11:21:24-----------
 queryString : SELECT SQL_CALC_FOUND_ROWS * FROM consumi6 WHERE  0 = 0  AND tipo_documento = 'F' AND mese_consumi = 1 AND anno_consumi = 2009 ORDER BY pod ASC LIMIT 0,100
 total : Array
 start : 0
 count : Resource id #6
 sortProperty : pod
 sortDirection : ASC
 where :  0 = 0  AND tipo_documento = 'F' AND mese_consumi = 1 AND anno_consumi = 2009
 qs :  AND tipo_documento = 'F' AND mese_consumi = 1 AND anno_consumi = 2009

-----------2012-11-09 11:21:25-----------
 queryString : SELECT SQL_CALC_FOUND_ROWS * FROM consumi6 WHERE  0 = 0  AND tipo_documento = 'F' AND mese_consumi = 1 AND anno_consumi = 2009 ORDER BY pod ASC LIMIT 0,100
 total : Array
 start : 0
 count : Resource id #6
 sortProperty : pod
 sortDirection : ASC
 where :  0 = 0  AND tipo_documento = 'F' AND mese_consumi = 1 AND anno_consumi = 2009
 qs :  AND tipo_documento = 'F' AND mese_consumi = 1 AND anno_consumi = 2009

2012-11-09 11:23:34 - SELECT * FROM anagrafica6 ORDER BY pod ASC LIMIT 0,  30
-----------2012-11-09 11:23:36-----------
 queryString : SELECT SQL_CALC_FOUND_ROWS * FROM consumi6 WHERE  0 = 0  ORDER BY pod ASC LIMIT 0,100
 total : Array
 start : 0
 count : Resource id #6
 sortProperty : pod
 sortDirection : ASC
 where :  0 = 0 
 qs : 

-----------2012-11-09 11:23:38-----------
 queryString : SELECT SQL_CALC_FOUND_ROWS * FROM consumi6 WHERE  0 = 0  ORDER BY pod ASC LIMIT 200,100
 total : Array
 start : 200
 count : Resource id #6
 sortProperty : pod
 sortDirection : ASC
 where :  0 = 0 
 qs : 

-----------2012-11-09 11:23:39-----------
 queryString : SELECT SQL_CALC_FOUND_ROWS * FROM consumi6 WHERE  0 = 0  ORDER BY pod ASC LIMIT 100,100
 total : Array
 start : 100
 count : Resource id #6
 sortProperty : pod
 sortDirection : ASC
 where :  0 = 0 
 qs : 

2012-11-09 11:24:01 - SELECT * FROM anagrafica6 ORDER BY pod ASC LIMIT 0,  25
-----------2012-11-09 11:24:02-----------
 queryString : SELECT SQL_CALC_FOUND_ROWS * FROM consumi6 WHERE  0 = 0  ORDER BY pod ASC LIMIT 0,100
 total : Array
 start : 0
 count : Resource id #6
 sortProperty : pod
 sortDirection : ASC
 where :  0 = 0 
 qs : 

-----------2012-11-09 11:24:04-----------
 queryString : SELECT SQL_CALC_FOUND_ROWS * FROM consumi6 WHERE  0 = 0  ORDER BY pod ASC LIMIT 100,100
 total : Array
 start : 100
 count : Resource id #6
 sortProperty : pod
 sortDirection : ASC
 where :  0 = 0 
 qs : 

-----------2012-11-09 11:24:05-----------
 queryString : SELECT SQL_CALC_FOUND_ROWS * FROM consumi6 WHERE  0 = 0  ORDER BY pod ASC LIMIT 200,100
 total : Array
 start : 200
 count : Resource id #6
 sortProperty : pod
 sortDirection : ASC
 where :  0 = 0 
 qs : 

2012-11-09 11:25:50 - SELECT * FROM anagrafica6 ORDER BY pod ASC LIMIT 0,  300
-----------2012-11-09 11:25:53-----------
 queryString : SELECT SQL_CALC_FOUND_ROWS * FROM consumi6 WHERE  0 = 0  ORDER BY pod ASC LIMIT 0,100
 total : Array
 start : 0
 count : Resource id #6
 sortProperty : pod
 sortDirection : ASC
 where :  0 = 0 
 qs : 

-----------2012-11-09 11:26:11-----------
 queryString : SELECT SQL_CALC_FOUND_ROWS * FROM consumi6 WHERE  0 = 0  ORDER BY pod ASC LIMIT 100,100
 total : Array
 start : 100
 count : Resource id #6
 sortProperty : pod
 sortDirection : ASC
 where :  0 = 0 
 qs : 

-----------2012-11-09 11:26:11-----------
 queryString : SELECT SQL_CALC_FOUND_ROWS * FROM consumi6 WHERE  0 = 0  ORDER BY pod ASC LIMIT 200,100
 total : Array
 start : 200
 count : Resource id #6
 sortProperty : pod
 sortDirection : ASC
 where :  0 = 0 
 qs : 

2012-11-09 11:33:41 - SELECT * FROM anagrafica6 ORDER BY pod DESC LIMIT 0,  300
2012-11-09 11:33:44 - SELECT * FROM anagrafica6 ORDER BY codice_cliente ASC LIMIT 0,  300
2012-11-09 11:35:35 - SELECT * FROM anagrafica6 ORDER BY pod ASC LIMIT 0,  25
-----------2012-11-09 11:35:37-----------
 queryString : SELECT SQL_CALC_FOUND_ROWS * FROM consumi6 WHERE  0 = 0  ORDER BY pod ASC LIMIT 0,100
 total : Array
 start : 0
 count : Resource id #6
 sortProperty : pod
 sortDirection : ASC
 where :  0 = 0 
 qs : 

-----------2012-11-09 11:35:38-----------
 queryString : SELECT SQL_CALC_FOUND_ROWS * FROM consumi6 WHERE  0 = 0  ORDER BY pod ASC LIMIT 100,100
 total : Array
 start : 100
 count : Resource id #6
 sortProperty : pod
 sortDirection : ASC
 where :  0 = 0 
 qs : 

-----------2012-11-09 11:35:38-----------
 queryString : SELECT SQL_CALC_FOUND_ROWS * FROM consumi6 WHERE  0 = 0  ORDER BY pod ASC LIMIT 200,100
 total : Array
 start : 200
 count : Resource id #6
 sortProperty : pod
 sortDirection : ASC
 where :  0 = 0 
 qs : 

-----------2012-11-09 11:45:52-----------
 queryString : SELECT SQL_CALC_FOUND_ROWS * FROM consumi6 WHERE  0 = 0  ORDER BY pod ASC LIMIT 300,100
 total : Array
 start : 300
 limit : 100
 count : Resource id #6
 sortProperty : pod
 sortDirection : ASC
 where :  0 = 0 
 qs : 

-----------2012-11-09 11:45:52-----------
 queryString : SELECT SQL_CALC_FOUND_ROWS * FROM consumi6 WHERE  0 = 0  ORDER BY pod ASC LIMIT 400,100
 total : Array
 start : 400
 limit : 100
 count : Resource id #6
 sortProperty : pod
 sortDirection : ASC
 where :  0 = 0 
 qs : 

-----------2012-11-09 11:45:56-----------
 queryString : SELECT SQL_CALC_FOUND_ROWS * FROM consumi6 WHERE  0 = 0  ORDER BY pod ASC LIMIT 500,100
 total : Array
 start : 500
 limit : 100
 count : Resource id #6
 sortProperty : pod
 sortDirection : ASC
 where :  0 = 0 
 qs : 

-----------2012-11-09 11:45:56-----------
 queryString : SELECT SQL_CALC_FOUND_ROWS * FROM consumi6 WHERE  0 = 0  ORDER BY pod ASC LIMIT 13100,100
 total : Array
 start : 13100
 limit : 100
 count : Resource id #6
 sortProperty : pod
 sortDirection : ASC
 where :  0 = 0 
 qs : 

-----------2012-11-09 11:45:56-----------
 queryString : SELECT SQL_CALC_FOUND_ROWS * FROM consumi6 WHERE  0 = 0  ORDER BY pod ASC LIMIT 13300,100
 total : Array
 start : 13300
 limit : 100
 count : Resource id #6
 sortProperty : pod
 sortDirection : ASC
 where :  0 = 0 
 qs : 

-----------2012-11-09 11:45:57-----------
 queryString : SELECT SQL_CALC_FOUND_ROWS * FROM consumi6 WHERE  0 = 0  ORDER BY pod ASC LIMIT 13000,100
 total : Array
 start : 13000
 limit : 100
 count : Resource id #6
 sortProperty : pod
 sortDirection : ASC
 where :  0 = 0 
 qs : 

-----------2012-11-09 11:45:57-----------
 queryString : SELECT SQL_CALC_FOUND_ROWS * FROM consumi6 WHERE  0 = 0  ORDER BY pod ASC LIMIT 13200,100
 total : Array
 start : 13200
 limit : 100
 count : Resource id #6
 sortProperty : pod
 sortDirection : ASC
 where :  0 = 0 
 qs : 

-----------2012-11-09 11:46:06-----------
 queryString : SELECT SQL_CALC_FOUND_ROWS * FROM consumi6 WHERE  0 = 0  AND mese_riferimento = 5 ORDER BY pod ASC LIMIT 0,100
 total : Array
 start : 0
 limit : 100
 count : Resource id #6
 sortProperty : pod
 sortDirection : ASC
 where :  0 = 0  AND mese_riferimento = 5
 qs :  AND mese_riferimento = 5

-----------2012-11-09 11:46:07-----------
 queryString : SELECT SQL_CALC_FOUND_ROWS * FROM consumi6 WHERE  0 = 0  AND mese_riferimento = 5 ORDER BY pod ASC LIMIT 0,100
 total : Array
 start : 0
 limit : 100
 count : Resource id #6
 sortProperty : pod
 sortDirection : ASC
 where :  0 = 0  AND mese_riferimento = 5
 qs :  AND mese_riferimento = 5

-----------2012-11-09 11:46:07-----------
 queryString : SELECT SQL_CALC_FOUND_ROWS * FROM consumi6 WHERE  0 = 0  AND mese_riferimento = 5 ORDER BY pod ASC LIMIT 0,100
 total : Array
 start : 0
 limit : 100
 count : Resource id #6
 sortProperty : pod
 sortDirection : ASC
 where :  0 = 0  AND mese_riferimento = 5
 qs :  AND mese_riferimento = 5

-----------2012-11-09 11:46:13-----------
 queryString : SELECT SQL_CALC_FOUND_ROWS * FROM consumi6 WHERE  0 = 0  AND tipo_documento = 'R' AND mese_riferimento = 5 ORDER BY pod ASC LIMIT 0,100
 total : Array
 start : 0
 limit : 100
 count : Resource id #6
 sortProperty : pod
 sortDirection : ASC
 where :  0 = 0  AND tipo_documento = 'R' AND mese_riferimento = 5
 qs :  AND tipo_documento = 'R' AND mese_riferimento = 5

-----------2012-11-09 11:46:14-----------
 queryString : SELECT SQL_CALC_FOUND_ROWS * FROM consumi6 WHERE  0 = 0  AND tipo_documento = 'R' AND mese_riferimento = 5 ORDER BY pod ASC LIMIT 0,100
 total : Array
 start : 0
 limit : 100
 count : Resource id #6
 sortProperty : pod
 sortDirection : ASC
 where :  0 = 0  AND tipo_documento = 'R' AND mese_riferimento = 5
 qs :  AND tipo_documento = 'R' AND mese_riferimento = 5

-----------2012-11-09 11:46:14-----------
 queryString : SELECT SQL_CALC_FOUND_ROWS * FROM consumi6 WHERE  0 = 0  AND tipo_documento = 'R' AND mese_riferimento = 5 ORDER BY pod ASC LIMIT 0,100
 total : Array
 start : 0
 limit : 100
 count : Resource id #6
 sortProperty : pod
 sortDirection : ASC
 where :  0 = 0  AND tipo_documento = 'R' AND mese_riferimento = 5
 qs :  AND tipo_documento = 'R' AND mese_riferimento = 5

-----------2012-11-09 11:46:30-----------
 queryString : SELECT SQL_CALC_FOUND_ROWS * FROM consumi6 WHERE  0 = 0  AND tipo_documento IN ('C','R') AND mese_riferimento = 5 ORDER BY pod ASC LIMIT 0,100
 total : Array
 start : 0
 limit : 100
 count : Resource id #6
 sortProperty : pod
 sortDirection : ASC
 where :  0 = 0  AND tipo_documento IN ('C','R') AND mese_riferimento = 5
 qs :  AND tipo_documento IN ('C','R') AND mese_riferimento = 5

-----------2012-11-09 11:46:31-----------
 queryString : SELECT SQL_CALC_FOUND_ROWS * FROM consumi6 WHERE  0 = 0  AND tipo_documento IN ('C','R') AND mese_riferimento = 5 ORDER BY pod ASC LIMIT 0,100
 total : Array
 start : 0
 limit : 100
 count : Resource id #6
 sortProperty : pod
 sortDirection : ASC
 where :  0 = 0  AND tipo_documento IN ('C','R') AND mese_riferimento = 5
 qs :  AND tipo_documento IN ('C','R') AND mese_riferimento = 5

-----------2012-11-09 11:46:31-----------
 queryString : SELECT SQL_CALC_FOUND_ROWS * FROM consumi6 WHERE  0 = 0  AND tipo_documento IN ('C','R') AND mese_riferimento = 5 ORDER BY pod ASC LIMIT 0,100
 total : Array
 start : 0
 limit : 100
 count : Resource id #6
 sortProperty : pod
 sortDirection : ASC
 where :  0 = 0  AND tipo_documento IN ('C','R') AND mese_riferimento = 5
 qs :  AND tipo_documento IN ('C','R') AND mese_riferimento = 5

-----------2012-11-09 11:46:47-----------
 queryString : SELECT SQL_CALC_FOUND_ROWS * FROM consumi6 WHERE  0 = 0  AND tipo_documento IN ('C','F','R') AND mese_riferimento = 5 ORDER BY pod ASC LIMIT 0,100
 total : Array
 start : 0
 limit : 100
 count : Resource id #6
 sortProperty : pod
 sortDirection : ASC
 where :  0 = 0  AND tipo_documento IN ('C','F','R') AND mese_riferimento = 5
 qs :  AND tipo_documento IN ('C','F','R') AND mese_riferimento = 5

-----------2012-11-09 11:46:48-----------
 queryString : SELECT SQL_CALC_FOUND_ROWS * FROM consumi6 WHERE  0 = 0  AND tipo_documento IN ('C','F','R') AND mese_riferimento = 5 ORDER BY pod ASC LIMIT 0,100
 total : Array
 start : 0
 limit : 100
 count : Resource id #6
 sortProperty : pod
 sortDirection : ASC
 where :  0 = 0  AND tipo_documento IN ('C','F','R') AND mese_riferimento = 5
 qs :  AND tipo_documento IN ('C','F','R') AND mese_riferimento = 5

-----------2012-11-09 11:46:48-----------
 queryString : SELECT SQL_CALC_FOUND_ROWS * FROM consumi6 WHERE  0 = 0  AND tipo_documento IN ('C','F','R') AND mese_riferimento = 5 ORDER BY pod ASC LIMIT 0,100
 total : Array
 start : 0
 limit : 100
 count : Resource id #6
 sortProperty : pod
 sortDirection : ASC
 where :  0 = 0  AND tipo_documento IN ('C','F','R') AND mese_riferimento = 5
 qs :  AND tipo_documento IN ('C','F','R') AND mese_riferimento = 5

-----------2012-11-09 11:46:50-----------
 queryString : SELECT SQL_CALC_FOUND_ROWS * FROM consumi6 WHERE  0 = 0  ORDER BY pod ASC LIMIT 400,100
 total : Array
 start : 400
 limit : 100
 count : Resource id #6
 sortProperty : pod
 sortDirection : ASC
 where :  0 = 0 
 qs : 

-----------2012-11-09 11:46:51-----------
 queryString : SELECT SQL_CALC_FOUND_ROWS * FROM consumi6 WHERE  0 = 0  ORDER BY pod ASC LIMIT 600,100
 total : Array
 start : 600
 limit : 100
 count : Resource id #6
 sortProperty : pod
 sortDirection : ASC
 where :  0 = 0 
 qs : 

-----------2012-11-09 11:46:54-----------
 queryString : SELECT SQL_CALC_FOUND_ROWS * FROM consumi6 WHERE  0 = 0  ORDER BY pod ASC LIMIT 700,100
 total : Array
 start : 700
 limit : 100
 count : Resource id #6
 sortProperty : pod
 sortDirection : ASC
 where :  0 = 0 
 qs : 

-----------2012-11-09 11:46:54-----------
 queryString : SELECT SQL_CALC_FOUND_ROWS * FROM consumi6 WHERE  0 = 0  ORDER BY pod ASC LIMIT 17300,100
 total : Array
 start : 17300
 limit : 100
 count : Resource id #6
 sortProperty : pod
 sortDirection : ASC
 where :  0 = 0 
 qs : 

-----------2012-11-09 11:46:55-----------
 queryString : SELECT SQL_CALC_FOUND_ROWS * FROM consumi6 WHERE  0 = 0  ORDER BY pod ASC LIMIT 17200,100
 total : Array
 start : 17200
 limit : 100
 count : Resource id #6
 sortProperty : pod
 sortDirection : ASC
 where :  0 = 0 
 qs : 

-----------2012-11-09 11:46:55-----------
 queryString : SELECT SQL_CALC_FOUND_ROWS * FROM consumi6 WHERE  0 = 0  ORDER BY pod ASC LIMIT 17400,100
 total : Array
 start : 17400
 limit : 100
 count : Resource id #6
 sortProperty : pod
 sortDirection : ASC
 where :  0 = 0 
 qs : 

-----------2012-11-09 11:46:58-----------
 queryString : SELECT SQL_CALC_FOUND_ROWS * FROM consumi6 WHERE  0 = 0  ORDER BY pod ASC LIMIT 17100,100
 total : Array
 start : 17100
 limit : 100
 count : Resource id #6
 sortProperty : pod
 sortDirection : ASC
 where :  0 = 0 
 qs : 

-----------2012-11-09 11:47:00-----------
 queryString : SELECT SQL_CALC_FOUND_ROWS * FROM consumi6 WHERE  0 = 0  ORDER BY pod ASC LIMIT 200,100
 total : Array
 start : 200
 limit : 100
 count : Resource id #6
 sortProperty : pod
 sortDirection : ASC
 where :  0 = 0 
 qs : 

-----------2012-11-09 11:51:51-----------
 queryString : SELECT SQL_CALC_FOUND_ROWS * FROM consumi6 WHERE  0 = 0  AND tipo_documento IN ('C','R') AND mese_riferimento = 5 ORDER BY pod ASC LIMIT 0,100
 total : Array
 start : 0
 limit : 100
 count : Resource id #6
 sortProperty : pod
 sortDirection : ASC
 where :  0 = 0  AND tipo_documento IN ('C','R') AND mese_riferimento = 5
 qs :  AND tipo_documento IN ('C','R') AND mese_riferimento = 5

-----------2012-11-09 11:51:52-----------
 queryString : SELECT SQL_CALC_FOUND_ROWS * FROM consumi6 WHERE  0 = 0  AND tipo_documento IN ('C','R') AND mese_riferimento = 5 ORDER BY pod ASC LIMIT 0,100
 total : Array
 start : 0
 limit : 100
 count : Resource id #6
 sortProperty : pod
 sortDirection : ASC
 where :  0 = 0  AND tipo_documento IN ('C','R') AND mese_riferimento = 5
 qs :  AND tipo_documento IN ('C','R') AND mese_riferimento = 5

-----------2012-11-09 11:51:52-----------
 queryString : SELECT SQL_CALC_FOUND_ROWS * FROM consumi6 WHERE  0 = 0  ORDER BY pod ASC LIMIT 200,100
 total : Array
 start : 200
 limit : 100
 count : Resource id #6
 sortProperty : pod
 sortDirection : ASC
 where :  0 = 0 
 qs : 

2012-11-09 11:55:22 - SELECT * FROM anagrafica6 ORDER BY pod ASC LIMIT 0,  25
2012-11-09 12:09:29 - SELECT * FROM anagrafica6 ORDER BY pod ASC LIMIT 0,  25
2012-11-09 12:19:21 - SELECT * FROM anagrafica6 ORDER BY pod ASC LIMIT 0,  25
2012-11-09 13:14:31 - SELECT * FROM anagrafica6 ORDER BY pod ASC LIMIT 0,  25
2012-11-09 13:17:19 - SELECT * FROM anagrafica6 ORDER BY pod ASC LIMIT 0,  25
2012-11-09 13:17:54 - SELECT * FROM anagrafica6 ORDER BY pod ASC LIMIT 0,  25
2012-11-09 13:19:16 - SELECT * FROM anagrafica6 ORDER BY pod ASC LIMIT 0,  25
2012-11-09 13:26:22 - SELECT * FROM anagrafica6 ORDER BY pod ASC LIMIT 0,  25
2012-11-09 13:26:53 - SELECT * FROM anagrafica6 ORDER BY pod ASC LIMIT 0,  25
2012-11-09 13:27:27 - SELECT * FROM anagrafica6 ORDER BY pod ASC LIMIT 0,  25
2012-11-09 13:28:12 - SELECT * FROM anagrafica6 ORDER BY pod ASC LIMIT 0,  25
2012-11-09 13:30:05 - SELECT * FROM anagrafica6 ORDER BY pod ASC LIMIT 0,  25
2012-11-09 14:53:32 - SELECT * FROM anagrafica6 ORDER BY pod ASC LIMIT 0,  25
2012-11-09 14:54:01 - SELECT * FROM anagrafica6 ORDER BY pod ASC LIMIT 0,  25
2012-11-12 17:02:02 - SELECT * FROM anagrafica6 ORDER BY pod ASC LIMIT 0,  25
2012-11-12 17:02:36 - SELECT * FROM anagrafica6 ORDER BY pod ASC LIMIT 0,  25
2012-11-12 17:07:34 - SELECT * FROM anagrafica6 ORDER BY pod ASC LIMIT 0,  25
2012-11-12 17:08:27 - SELECT * FROM anagrafica6 ORDER BY pod ASC LIMIT 0,  25
2012-11-12 17:10:36 - SELECT * FROM anagrafica6 ORDER BY pod ASC LIMIT 0,  25
2012-11-12 17:21:39 - SELECT * FROM anagrafica6 ORDER BY pod ASC LIMIT 0,  25
2012-11-12 17:21:44 - SELECT * FROM anagrafica6 ORDER BY pod ASC LIMIT 0,  25
2012-11-12 17:23:36 - SELECT * FROM anagrafica6 ORDER BY pod ASC LIMIT 0,  25
2012-11-12 17:28:35 - SELECT * FROM anagrafica6 ORDER BY pod ASC LIMIT 0,  25
2012-11-12 17:29:43 - SELECT * FROM anagrafica6 ORDER BY pod ASC LIMIT 0,  25
2012-11-12 17:31:01 - SELECT * FROM anagrafica6 ORDER BY pod ASC LIMIT 0,  25
2012-11-12 17:32:28 - SELECT * FROM anagrafica6 ORDER BY pod ASC LIMIT 0,  25
2012-11-12 17:34:49 - SELECT * FROM anagrafica6 ORDER BY pod ASC LIMIT 0,  25
2012-11-12 17:38:25 - SELECT * FROM anagrafica6 ORDER BY pod ASC LIMIT 0,  25
2012-11-12 17:38:31 - SELECT * FROM anagrafica6 ORDER BY pod ASC LIMIT 0,  25
2012-11-12 17:42:19 - SELECT * FROM anagrafica6 ORDER BY pod ASC LIMIT 0,  25
2012-11-12 17:42:38 - SELECT * FROM anagrafica6 ORDER BY pod ASC LIMIT 0,  25
2012-11-12 17:43:09 - SELECT * FROM anagrafica6 ORDER BY pod ASC LIMIT 0,  25
2012-11-12 17:43:35 - SELECT * FROM anagrafica6 ORDER BY pod ASC LIMIT 0,  25
2012-11-12 17:45:53 - SELECT * FROM anagrafica6 ORDER BY pod ASC LIMIT 0,  25
2012-11-12 18:02:53 - SELECT * FROM anagrafica6 ORDER BY pod ASC LIMIT 0,  25
2012-11-12 18:02:57 - SELECT * FROM anagrafica6 ORDER BY pod ASC LIMIT 0,  25
2012-11-12 18:36:16 - SELECT * FROM anagrafica6 ORDER BY pod ASC LIMIT 0,  25
2012-11-12 18:37:16 - SELECT * FROM anagrafica6 ORDER BY pod ASC LIMIT 0,  25
2012-11-12 18:37:26 - SELECT * FROM anagrafica6 ORDER BY pod ASC LIMIT 0,  25
2012-11-12 18:37:37 - SELECT * FROM anagrafica6 ORDER BY pod ASC LIMIT 0,  25
2012-11-13 11:22:00 - SELECT * FROM anagrafica6 ORDER BY pod ASC LIMIT 0,  25
2012-11-13 11:22:07 - SELECT * FROM anagrafica6 ORDER BY pod ASC LIMIT 0,  25
2012-11-13 11:22:45 - SELECT * FROM anagrafica6 ORDER BY pod ASC LIMIT 0,  25
2012-11-13 11:23:01 - SELECT * FROM anagrafica6 ORDER BY pod ASC LIMIT 0,  25
2012-11-13 11:23:09 - SELECT * FROM anagrafica6 ORDER BY pod ASC LIMIT 0,  25
2012-11-13 11:25:41 - SELECT * FROM anagrafica6 ORDER BY pod ASC LIMIT 0,  25
2012-11-13 11:26:27 - SELECT * FROM anagrafica6 ORDER BY pod ASC LIMIT 0,  25
2012-11-13 11:27:35 - SELECT * FROM anagrafica6 ORDER BY pod ASC LIMIT 0,  25
2012-11-13 11:27:47 - SELECT * FROM anagrafica6 ORDER BY pod ASC LIMIT 0,  25
2012-11-13 11:28:26 - SELECT * FROM anagrafica6 ORDER BY pod ASC LIMIT 0,  25
2012-11-13 11:28:34 - SELECT * FROM anagrafica6 ORDER BY pod ASC LIMIT 0,  25
2012-11-13 11:40:33 - SELECT * FROM anagrafica6 ORDER BY pod ASC LIMIT 0,  25
2012-11-13 11:45:10 - SELECT * FROM anagrafica6 ORDER BY pod ASC LIMIT 0,  25
2012-11-13 11:45:16 - SELECT * FROM anagrafica6 ORDER BY pod ASC LIMIT 0,  25
2012-11-13 11:52:34 - SELECT * FROM anagrafica6 ORDER BY pod ASC LIMIT 0,  25
2012-11-13 11:52:59 - SELECT * FROM anagrafica6 ORDER BY pod ASC LIMIT 0,  25
2012-11-13 12:03:32 - SELECT * FROM anagrafica6 ORDER BY pod ASC LIMIT 0,  25
2012-11-13 12:03:36 - SELECT * FROM anagrafica6 ORDER BY pod ASC LIMIT 0,  25
2012-11-13 12:04:12 - SELECT * FROM anagrafica6 ORDER BY pod ASC LIMIT 0,  25
2012-11-13 12:05:14 - SELECT * FROM anagrafica6 ORDER BY pod ASC LIMIT 0,  25
2012-11-13 12:05:18 - SELECT * FROM anagrafica6 ORDER BY pod ASC LIMIT 0,  25
2012-11-13 12:10:27 - SELECT * FROM anagrafica6 ORDER BY pod ASC LIMIT 0,  25
2012-11-13 12:11:53 - SELECT * FROM anagrafica6 ORDER BY pod ASC LIMIT 0,  25
2012-11-13 12:11:56 - SELECT * FROM anagrafica6 ORDER BY pod ASC LIMIT 0,  25
2012-11-13 12:12:05 - SELECT * FROM anagrafica6 ORDER BY pod ASC LIMIT 0,  25
2012-11-13 12:12:28 - SELECT * FROM anagrafica6 ORDER BY pod ASC LIMIT 0,  25
2012-11-13 12:17:04 - SELECT * FROM anagrafica6 ORDER BY pod ASC LIMIT 0,  25
2012-11-13 12:17:25 - SELECT * FROM anagrafica6 ORDER BY pod ASC LIMIT 0,  25
2012-11-13 12:18:33 - SELECT * FROM anagrafica6 ORDER BY pod ASC LIMIT 0,  25
2012-11-13 12:19:13 - SELECT * FROM anagrafica6 ORDER BY pod ASC LIMIT 0,  25
2012-11-13 12:20:58 - SELECT * FROM anagrafica6 ORDER BY pod ASC LIMIT 0,  25
2012-11-13 12:21:57 - SELECT * FROM anagrafica6 ORDER BY pod ASC LIMIT 0,  25
2012-11-13 12:24:30 - SELECT * FROM anagrafica6 ORDER BY pod ASC LIMIT 0,  25
2012-11-13 12:25:41 - SELECT * FROM anagrafica6 ORDER BY pod ASC LIMIT 0,  25
2012-11-13 12:29:58 - SELECT * FROM anagrafica6 ORDER BY pod ASC LIMIT 0,  25
2012-11-13 12:30:33 - SELECT * FROM anagrafica6 ORDER BY pod ASC LIMIT 0,  25
2012-11-13 12:35:17 - SELECT * FROM anagrafica6 ORDER BY pod ASC LIMIT 0,  25
2012-11-13 12:36:07 - SELECT * FROM anagrafica6 ORDER BY pod ASC LIMIT 0,  25
2012-11-13 12:36:28 - SELECT * FROM anagrafica6 ORDER BY pod ASC LIMIT 0,  25
2012-11-13 12:38:36 - SELECT * FROM anagrafica6 ORDER BY pod ASC LIMIT 0,  25
2012-11-13 12:39:09 - SELECT * FROM anagrafica6 ORDER BY pod ASC LIMIT 0,  25
2012-11-13 12:43:36 - SELECT * FROM anagrafica6 ORDER BY pod ASC LIMIT 0,  25
2012-11-13 12:45:56 - SELECT * FROM anagrafica6 ORDER BY pod DESC LIMIT 0,  25
2012-11-13 12:47:06 - SELECT * FROM anagrafica6 ORDER BY pod ASC LIMIT 0,  25
2012-11-13 12:47:12 - SELECT * FROM anagrafica6 ORDER BY toponimo ASC LIMIT 0,  25
2012-11-13 12:47:14 - SELECT * FROM anagrafica6 ORDER BY comune ASC LIMIT 0,  25
2012-11-13 12:54:05 - SELECT * FROM anagrafica6 ORDER BY pod ASC LIMIT 0,  25
2012-11-13 12:57:13 - SELECT * FROM anagrafica6 ORDER BY pod ASC LIMIT 0,  25
2012-11-13 12:58:49 - SELECT * FROM anagrafica6 ORDER BY pod ASC LIMIT 0,  25
2012-11-13 13:07:15 - SELECT * FROM anagrafica6 ORDER BY pod ASC LIMIT 0,  25
2012-11-13 13:07:52 - SELECT * FROM anagrafica6 ORDER BY pod ASC LIMIT 0,  25
2012-11-13 13:13:02 - SELECT * FROM anagrafica6 ORDER BY pod ASC LIMIT 0,  25
2012-11-13 13:13:55 - SELECT * FROM anagrafica6 ORDER BY pod ASC LIMIT 0,  25
2012-11-13 13:15:52 - SELECT * FROM anagrafica6 ORDER BY pod ASC LIMIT 0,  25
2012-11-13 13:32:44 - SELECT * FROM anagrafica6 ORDER BY pod DESC LIMIT 0,  25
2012-11-13 13:34:43 - SELECT * FROM anagrafica6 ORDER BY pod ASC LIMIT 0,  25
2012-11-18 21:35:19 - SELECT * FROM anagrafica6 ORDER BY pod ASC LIMIT 0,  25
2012-11-18 21:35:50 - SELECT * FROM anagrafica6 ORDER BY pod DESC LIMIT 0,  25
2012-11-18 21:36:16 - SELECT * FROM anagrafica6 ORDER BY pod ASC LIMIT 0,  25
2012-11-18 21:39:55 - SELECT * FROM anagrafica6 ORDER BY pod ASC LIMIT 0,  25
